[0508/231041.280:ERROR:process_info.cc(359)] UncheckedAllocate
[0508/231218.309:ERROR:process_info.cc(359)] UncheckedAllocate
[0508/231218.345:ERROR:process_info.cc(359)] UncheckedAllocate
[0508/231218.442:ERROR:filesystem_win.cc(148)] DeleteFile C:\Users\Padulla\AppData\Local\Temp\scoped_dir1696_682088477\Crashpad\reports\e8a0e439-5517-4c90-abba-20f105cca1bb.dmp: O arquivo já está sendo usado por outro processo. (0x20)
[0508/231547.249:ERROR:process_info.cc(359)] UncheckedAllocate
[0518/104958.356:ERROR:process_info.cc(359)] UncheckedAllocate
[0518/105020.141:ERROR:process_reader_win.cc(123)] NtOpenThread: {Acesso Negado} Um processo solicitou acesso a um objeto, mas o direito de acesso não lhe foi concedido. (0xc0000022)
[0518/105020.141:ERROR:exception_snapshot_win.cc(98)] thread ID 16724 not found in process
[0518/105020.171:ERROR:process_reader_win.cc(123)] NtOpenThread: {Acesso Negado} Um processo solicitou acesso a um objeto, mas o direito de acesso não lhe foi concedido. (0xc0000022)
[0518/105020.171:ERROR:exception_snapshot_win.cc(98)] thread ID 10224 not found in process
[0518/105133.563:ERROR:process_info.cc(359)] UncheckedAllocate
[0518/105138.295:ERROR:process_info.cc(359)] UncheckedAllocate
[0518/105140.596:ERROR:process_info.cc(359)] UncheckedAllocate
[0518/105204.269:ERROR:process_info.cc(359)] UncheckedAllocate
[0528/165928.436:ERROR:process_info.cc(359)] UncheckedAllocate
[0529/074334.510:ERROR:process_reader_win.cc(123)] NtOpenThread: {Acesso Negado} Um processo solicitou acesso a um objeto, mas o direito de acesso não lhe foi concedido. (0xc0000022)
[0529/074334.512:ERROR:exception_snapshot_win.cc(98)] thread ID 4236 not found in process
[0529/074334.526:ERROR:process_reader_win.cc(123)] NtOpenThread: {Acesso Negado} Um processo solicitou acesso a um objeto, mas o direito de acesso não lhe foi concedido. (0xc0000022)
[0529/074334.526:ERROR:exception_snapshot_win.cc(98)] thread ID 15164 not found in process
[0529/074334.557:ERROR:process_reader_win.cc(123)] NtOpenThread: {Acesso Negado} Um processo solicitou acesso a um objeto, mas o direito de acesso não lhe foi concedido. (0xc0000022)
[0529/074334.557:ERROR:exception_snapshot_win.cc(98)] thread ID 6556 not found in process
[0529/074412.260:ERROR:process_reader_win.cc(123)] NtOpenThread: {Acesso Negado} Um processo solicitou acesso a um objeto, mas o direito de acesso não lhe foi concedido. (0xc0000022)
[0529/074412.261:ERROR:exception_snapshot_win.cc(98)] thread ID 18168 not found in process
[0529/074412.276:ERROR:process_reader_win.cc(123)] NtOpenThread: {Acesso Negado} Um processo solicitou acesso a um objeto, mas o direito de acesso não lhe foi concedido. (0xc0000022)
[0529/074412.276:ERROR:exception_snapshot_win.cc(98)] thread ID 17376 not found in process
[0529/074412.306:ERROR:process_reader_win.cc(123)] NtOpenThread: {Acesso Negado} Um processo solicitou acesso a um objeto, mas o direito de acesso não lhe foi concedido. (0xc0000022)
[0529/074412.306:ERROR:exception_snapshot_win.cc(98)] thread ID 3204 not found in process
[0605/170626.482:ERROR:process_info.cc(359)] UncheckedAllocate
[0605/170626.509:ERROR:http_transport_win.cc(276)] WinHttpSendRequest: A operação foi concluída com êxito. (0x0)
[0605/170639.724:ERROR:process_info.cc(359)] UncheckedAllocate
[0605/170641.342:ERROR:process_info.cc(359)] UncheckedAllocate
[0605/170641.357:ERROR:process_info.cc(359)] UncheckedAllocate
[0605/170642.816:ERROR:process_info.cc(359)] UncheckedAllocate
[0605/171000.207:ERROR:process_info.cc(359)] UncheckedAllocate
[0605/171002.233:ERROR:process_info.cc(359)] UncheckedAllocate
