#
# There is insufficient memory for the Java Runtime Environment to continue.
# Native memory allocation (mmap) failed to map 268435456 bytes for Failed to commit area from 0x00000000e0000000 to 0x00000000f0000000 of length 268435456.
# Possible reasons:
#   The system is out of physical RAM or swap space
#   The process is running with CompressedOops enabled, and the Java Heap may be blocking the growth of the native heap
# Possible solutions:
#   Reduce memory load on the system
#   Increase physical memory or swap space
#   Check if swap backing store is full
#   Decrease Java heap size (-Xmx/-Xms)
#   Decrease number of Java threads
#   Decrease Java thread stack sizes (-Xss)
#   Set larger code cache with -XX:ReservedCodeCacheSize=
# This output file may be truncated or incomplete.
#
#  Out of Memory Error (t:/workspace/open/src/hotspot/os/windows/os_windows.cpp:3269), pid=8708, tid=10656
#
# JRE version:  (11.0.1+13) (build )
# Java VM: Java HotSpot(TM) 64-Bit Server VM (11.0.1+13-LTS, mixed mode, aot, sharing, tiered, compressed oops, g1 gc, windows-amd64)
# No core dump will be written. Minidumps are not enabled by default on client versions of Windows
#

---------------  S U M M A R Y ------------

Command Line: -Dr.arch=/x64 -Xmx512m -Xrs 

Host: Intel(R) Core(TM) i5-4590 CPU @ 3.30GHz, 4 cores, 15G,  Windows 10 , 64 bit Build 18362 (10.0.18362.778)
Time: Sun Jun  7 18:32:18 2020 Hora oficial do Brasil elapsed time: 0 seconds (0d 0h 0m 0s)

---------------  T H R E A D  ---------------

Current thread (0x000000001dbc7000):  JavaThread "Unknown thread" [_thread_in_vm, id=10656, stack(0x0000000000420000,0x0000000004420000)]

Stack: [0x0000000000420000,0x0000000004420000]
Native frames: (J=compiled Java code, j=interpreted, Vv=VM code, C=native code)
V  [jvm.dll+0x63c21a]
V  [jvm.dll+0x7797df]
V  [jvm.dll+0x77adca]
V  [jvm.dll+0x77b483]
V  [jvm.dll+0x2627f8]
V  [jvm.dll+0x6396ca]
V  [jvm.dll+0x62dfa5]
V  [jvm.dll+0x31699c]
V  [jvm.dll+0x316822]
V  [jvm.dll+0x31c096]
V  [jvm.dll+0x36842f]
V  [jvm.dll+0x367e50]
V  [jvm.dll+0x2f38b8]
V  [jvm.dll+0x2f4a16]
V  [jvm.dll+0x752da7]
V  [jvm.dll+0x7544ef]
V  [jvm.dll+0x375269]
V  [jvm.dll+0x7394a9]
V  [jvm.dll+0x3e467d]
V  [jvm.dll+0x3e6951]
C  [rJava.dll+0x70e2]
C  [R.dll+0xa5fe2]
C  [R.dll+0xf2e69]
C  [R.dll+0x101be1]
C  [R.dll+0x103698]
C  [R.dll+0x10471f]
C  [R.dll+0xf87ff]
C  [R.dll+0x101be1]
C  [R.dll+0x103698]
C  [R.dll+0x10471f]
C  [R.dll+0xf87ff]
C  [R.dll+0x101be1]
C  [R.dll+0x103698]
C  [R.dll+0x10471f]
C  [R.dll+0xf87ff]
C  [R.dll+0x101be1]
C  [R.dll+0x10228c]
C  [R.dll+0x102b2a]
C  [R.dll+0xf6352]
C  [R.dll+0x101be1]
C  [R.dll+0x10228c]
C  [R.dll+0x102b2a]
C  [R.dll+0xf6352]
C  [R.dll+0x101be1]
C  [R.dll+0x10228c]
C  [R.dll+0x102b2a]
C  [R.dll+0xf6352]
C  [R.dll+0x101be1]
C  [R.dll+0x10228c]
C  [R.dll+0x102b2a]
C  [R.dll+0xf6352]
C  [R.dll+0x101be1]
C  [R.dll+0x103698]
C  [R.dll+0x10471f]
C  [R.dll+0xf87ff]
C  [R.dll+0x101be1]
C  [R.dll+0x103698]
C  [R.dll+0x10471f]
C  [R.dll+0xf87ff]
C  [R.dll+0x101be1]
C  [R.dll+0x103698]
C  [R.dll+0x10471f]
C  [R.dll+0xf87ff]
C  [R.dll+0x101be1]
C  [R.dll+0x103698]
C  [R.dll+0x10471f]
C  [R.dll+0xf87ff]
C  [R.dll+0x101be1]
C  [R.dll+0x103698]
C  [R.dll+0x10471f]
C  [R.dll+0xf87ff]
C  [R.dll+0x101be1]
C  [R.dll+0x103698]
C  [R.dll+0x10471f]
C  [R.dll+0xf87ff]
C  [R.dll+0x101be1]
C  [R.dll+0x10228c]
C  [R.dll+0x102b2a]
C  [R.dll+0xf6352]
C  [R.dll+0x101be1]
C  [R.dll+0x10228c]
C  [R.dll+0x102b2a]
C  [R.dll+0xf6352]
C  [R.dll+0x101be1]
C  [R.dll+0x10228c]
C  [R.dll+0x102b2a]
C  [R.dll+0xf6352]
C  [R.dll+0x101be1]
C  [R.dll+0x10228c]
C  [R.dll+0x102b2a]
C  [R.dll+0xf6352]
C  [R.dll+0x101be1]
C  [R.dll+0x103698]
C  [R.dll+0x10471f]
C  [R.dll+0xf87ff]
C  [R.dll+0x101be1]
C  [R.dll+0x103698]
C  [R.dll+0x10471f]
C  [R.dll+0xf87ff]
...<more frames>...


---------------  P R O C E S S  ---------------

Threads class SMR info:
_java_thread_list=0x00000000045f4aa0, length=0, elements={
}

Java Threads: ( => current thread )

Other Threads:
  0x000000001dbdf000 GCTaskThread "GC Thread#0" [stack: 0x0000000034f80000,0x0000000038f80000] [id=16060]
  0x000000001dbef000 ConcurrentGCThread "G1 Main Marker" [stack: 0x000000003a180000,0x000000003e180000] [id=16652]
  0x000000001dbf3800 ConcurrentGCThread "G1 Conc#0" [stack: 0x000000003e180000,0x0000000042180000] [id=8536]

[error occurred during error reporting (printing all threads), id 0xc0000005, EXCEPTION_ACCESS_VIOLATION (0xc0000005) at pc=0x00007ffe9da72137]

VM state:not at safepoint (not fully initialized)

VM Mutex/Monitor currently owned by a thread:  ([mutex/lock_event])
[0x000000001dbc4a50] Heap_lock - owner thread: 0x000000001dbc7000

Heap address: 0x00000000e0000000, size: 512 MB, Compressed Oops mode: Non-zero based: 0x00000000e0000000
Narrow klass base: 0x0000000000000000, Narrow klass shift: 0

GC Heap History (0 events):
No events

Deoptimization events (0 events):
No events

Classes redefined (0 events):
No events

Internal exceptions (0 events):
No events

Events (0 events):
No events


Dynamic libraries:
0x0000000000400000 - 0x000000000041c000 	C:\PROGRA~1\R\R-36~1.3\bin\x64\Rterm.exe
0x00007ffed88e0000 - 0x00007ffed8ad0000 	C:\Windows\SYSTEM32\ntdll.dll
0x00007ffed6990000 - 0x00007ffed6a42000 	C:\Windows\System32\KERNEL32.DLL
0x00007ffed66e0000 - 0x00007ffed6984000 	C:\Windows\System32\KERNELBASE.dll
0x00007ffed7c90000 - 0x00007ffed7d2e000 	C:\Windows\System32\msvcrt.dll
0x00007ffed6ae0000 - 0x00007ffed6c74000 	C:\Windows\System32\USER32.dll
0x00007ffed6450000 - 0x00007ffed6471000 	C:\Windows\System32\win32u.dll
0x00007ffed87d0000 - 0x00007ffed87f6000 	C:\Windows\System32\GDI32.dll
0x00007ffed5870000 - 0x00007ffed5a04000 	C:\Windows\System32\gdi32full.dll
0x00007ffed5c10000 - 0x00007ffed5cae000 	C:\Windows\System32\msvcp_win.dll
0x00007ffed65e0000 - 0x00007ffed66da000 	C:\Windows\System32\ucrtbase.dll
0x0000000063540000 - 0x00000000635a1000 	C:\PROGRA~1\R\R-36~1.3\bin\x64\Rgraphapp.dll
0x000000006c700000 - 0x000000006e5a4000 	C:\PROGRA~1\R\R-36~1.3\bin\x64\R.dll
0x00007ffed7260000 - 0x00007ffed7303000 	C:\Windows\System32\ADVAPI32.dll
0x00007ffed6fb0000 - 0x00007ffed7080000 	C:\Windows\System32\comdlg32.dll
0x00007ffed8800000 - 0x00007ffed8897000 	C:\Windows\System32\sechost.dll
0x00007ffed7350000 - 0x00007ffed7686000 	C:\Windows\System32\combase.dll
0x00007ffed6c80000 - 0x00007ffed6da0000 	C:\Windows\System32\RPCRT4.dll
0x0000000064e80000 - 0x0000000064ed3000 	C:\PROGRA~1\R\R-36~1.3\bin\x64\Rblas.dll
0x00007ffed6480000 - 0x00007ffed6500000 	C:\Windows\System32\bcryptPrimitives.dll
0x00007ffed7d90000 - 0x00007ffed7e39000 	C:\Windows\System32\shcore.dll
0x00007ffed7e40000 - 0x00007ffed8524000 	C:\Windows\System32\SHELL32.dll
0x00007ffecc4d0000 - 0x00007ffecc754000 	C:\Windows\WinSxS\amd64_microsoft.windows.common-controls_6595b64144ccf1df_6.0.18362.836_none_e6c4b943130f18ed\COMCTL32.dll
0x00007ffed7d30000 - 0x00007ffed7d82000 	C:\Windows\System32\SHLWAPI.dll
0x00007ffed6530000 - 0x00007ffed657a000 	C:\Windows\System32\cfgmgr32.dll
0x00007ffed7310000 - 0x00007ffed733e000 	C:\Windows\System32\IMM32.dll
0x00007ffed5cb0000 - 0x00007ffed642e000 	C:\Windows\System32\windows.storage.dll
0x00007ffed5840000 - 0x00007ffed5863000 	C:\Windows\System32\profapi.dll
0x00007ffed57f0000 - 0x00007ffed583a000 	C:\Windows\System32\powrprof.dll
0x00007ffed57a0000 - 0x00007ffed57b0000 	C:\Windows\System32\UMPDC.dll
0x00007ffed57b0000 - 0x00007ffed57c1000 	C:\Windows\System32\kernel.appcore.dll
0x00007ffecc040000 - 0x00007ffecc047000 	C:\Windows\SYSTEM32\MSIMG32.dll
0x00007ffed6430000 - 0x00007ffed6447000 	C:\Windows\System32\cryptsp.dll
0x00007ffed35b0000 - 0x00007ffed35d4000 	C:\Windows\SYSTEM32\WINMM.dll
0x00007ffecd810000 - 0x00007ffecd81a000 	C:\Windows\SYSTEM32\VERSION.dll
0x00000000641c0000 - 0x00000000641d6000 	C:\PROGRA~1\R\R-36~1.3\bin\x64\Riconv.dll
0x00007ffed3530000 - 0x00007ffed355d000 	C:\Windows\SYSTEM32\winmmbase.dll
0x00007ffed3ad0000 - 0x00007ffed3b69000 	C:\Windows\system32\uxtheme.dll
0x00007ffed7100000 - 0x00007ffed7257000 	C:\Windows\System32\ole32.dll
0x00007ffed6da0000 - 0x00007ffed6e64000 	C:\Windows\System32\OLEAUT32.dll
0x00007ffed18c0000 - 0x00007ffed19b0000 	C:\Windows\SYSTEM32\PROPSYS.dll
0x0000000064a40000 - 0x0000000064a54000 	C:\Program Files\R\R-3.6.3\library\methods\libs\x64\methods.dll
0x000000006e5c0000 - 0x000000006e5ed000 	C:\Program Files\R\R-3.6.3\library\utils\libs\x64\utils.dll
0x000000006fc80000 - 0x000000006fdaa000 	C:\Program Files\R\R-3.6.3\library\grDevices\libs\x64\grDevices.dll
0x0000000063740000 - 0x0000000063792000 	C:\Program Files\R\R-3.6.3\library\graphics\libs\x64\graphics.dll
0x0000000071100000 - 0x00000000711a9000 	C:\Program Files\R\R-3.6.3\library\stats\libs\x64\stats.dll
0x0000000015510000 - 0x00000000157d4000 	C:\PROGRA~1\R\R-36~1.3\bin\x64\Rlapack.dll
0x000000006c500000 - 0x000000006c51f000 	C:\Users\Padulla\Documents\R\win-library\3.6\digest\libs\x64\digest.dll
0x00007ffed5690000 - 0x00007ffed56bf000 	C:\Windows\SYSTEM32\SspiCli.dll
0x0000000015de0000 - 0x0000000015e06000 	C:\Users\Padulla\Documents\R\win-library\3.6\rlang\libs\x64\rlang.dll
0x000000006abc0000 - 0x000000006acc7000 	C:\Users\Padulla\Documents\R\win-library\3.6\Rcpp\libs\x64\Rcpp.dll
0x0000000065340000 - 0x00000000653ff000 	C:\Users\Padulla\Documents\R\win-library\3.6\htmltools\libs\x64\htmltools.dll
0x0000000016aa0000 - 0x0000000016ac0000 	C:\Program Files\R\R-3.6.3\library\tools\libs\x64\tools.dll
0x000000006b480000 - 0x000000006b4b3000 	C:\Users\Padulla\Documents\R\win-library\3.6\yaml\libs\x64\yaml.dll
0x00000000640c0000 - 0x00000000640e2000 	C:\Users\Padulla\Documents\R\win-library\3.6\jsonlite\libs\x64\jsonlite.dll
0x000000006bd40000 - 0x000000006c1eb000 	C:\Users\Padulla\Documents\R\win-library\3.6\stringi\libs\x64\stringi.dll
0x0000000063400000 - 0x000000006340e000 	C:\Users\Padulla\Documents\R\win-library\3.6\glue\libs\x64\glue.dll
0x0000000062ac0000 - 0x0000000062acd000 	C:\Users\Padulla\Documents\R\win-library\3.6\ellipsis\libs\x64\ellipsis.dll
0x0000000068140000 - 0x0000000068182000 	C:\Users\Padulla\Documents\R\win-library\3.6\vctrs\libs\x64\vctrs.dll
0x0000000061c00000 - 0x0000000061c0e000 	C:\Users\Padulla\Documents\R\win-library\3.6\tibble\libs\x64\tibble.dll
0x0000000065b40000 - 0x0000000065b53000 	C:\Users\Padulla\Documents\R\win-library\3.6\purrr\libs\x64\purrr.dll
0x0000000019b70000 - 0x0000000019ddb000 	C:\Users\Padulla\Documents\R\win-library\3.6\dplyr\libs\x64\dplyr.dll
0x000000006ea80000 - 0x000000006eaaa000 	C:\Program Files\R\R-3.6.3\library\grid\libs\x64\grid.dll
0x0000000019de0000 - 0x0000000019def000 	C:\Users\Padulla\Documents\R\win-library\3.6\lattice\libs\x64\lattice.dll
0x000000006b1c0000 - 0x000000006b1dd000 	C:\Users\Padulla\Documents\R\win-library\3.6\nlme\libs\x64\nlme.dll
0x000000006a8c0000 - 0x000000006a98c000 	C:\Users\Padulla\Documents\R\win-library\3.6\tidyr\libs\x64\tidyr.dll
0x0000000069540000 - 0x000000006954d000 	C:\Users\Padulla\Documents\R\win-library\3.6\backports\libs\x64\backports.dll
0x00000000657c0000 - 0x00000000657d7000 	C:\Users\Padulla\Documents\R\win-library\3.6\colorspace\libs\x64\colorspace.dll
0x0000000067540000 - 0x0000000067655000 	C:\Users\Padulla\Documents\R\win-library\3.6\haven\libs\x64\haven.dll
0x0000000062d40000 - 0x0000000062e1c000 	C:\Users\Padulla\Documents\R\win-library\3.6\lubridate\libs\x64\lubridate.dll
0x0000000062840000 - 0x0000000062981000 	C:\Users\Padulla\Documents\R\win-library\3.6\readr\libs\x64\readr.dll
0x000000001a410000 - 0x000000001a41d000 	C:\Users\Padulla\Documents\R\win-library\3.6\readr\libs\x64\librcon.lib
0x000000001a420000 - 0x000000001a523000 	C:\Users\Padulla\Documents\R\win-library\3.6\readxl\libs\x64\readxl.dll
0x000000006fac0000 - 0x000000006fb81000 	C:\Users\Padulla\Documents\R\win-library\3.6\fs\libs\x64\fs.dll
0x00007ffed87c0000 - 0x00007ffed87c8000 	C:\Windows\System32\PSAPI.DLL
0x00007ffed7bb0000 - 0x00007ffed7c1f000 	C:\Windows\System32\WS2_32.dll
0x00007ffed4cc0000 - 0x00007ffed4cfa000 	C:\Windows\SYSTEM32\IPHLPAPI.DLL
0x00007ffed56c0000 - 0x00007ffed56e5000 	C:\Windows\SYSTEM32\USERENV.dll
0x0000000069d00000 - 0x0000000069fb0000 	C:\Users\Padulla\Documents\R\win-library\3.6\xml2\libs\x64\xml2.dll
0x00000000625c0000 - 0x00000000625dc000 	C:\Users\Padulla\Documents\R\win-library\3.6\fansi\libs\x64\fansi.dll
0x0000000069300000 - 0x000000006939f000 	C:\Users\Padulla\Documents\R\win-library\3.6\data.table\libs\x64\datatable.dll
0x00000000629c0000 - 0x00000000629ce000 	C:\Users\Padulla\Documents\R\win-library\3.6\lazyeval\libs\x64\lazyeval.dll
0x0000000064080000 - 0x0000000064096000 	C:\Users\Padulla\Documents\R\win-library\3.6\rJava\libs\x64\rJava.dll
0x00007ffe9d770000 - 0x00007ffe9e2b2000 	C:\Program Files\Java\jdk-11.0.1\bin\server\jvm.dll
0x00007ffec6450000 - 0x00007ffec6466000 	C:\Windows\SYSTEM32\VCRUNTIME140.dll
0x00007ffec33c0000 - 0x00007ffec33c9000 	C:\Windows\SYSTEM32\WSOCK32.dll
0x00007ffed37a0000 - 0x00007ffed37b1000 	C:\Program Files\Java\jdk-11.0.1\bin\verify.dll
0x00007ffec7910000 - 0x00007ffec7b04000 	C:\Windows\SYSTEM32\DBGHELP.DLL
0x00007ffec3140000 - 0x00007ffec316a000 	C:\Windows\SYSTEM32\dbgcore.DLL
0x00007ffec9b60000 - 0x00007ffec9b89000 	C:\Program Files\Java\jdk-11.0.1\bin\java.dll
0x00007ffec9b40000 - 0x00007ffec9b56000 	C:\Program Files\Java\jdk-11.0.1\bin\zip.dll
0x00007ffed38e0000 - 0x00007ffed38ea000 	C:\Program Files\Java\jdk-11.0.1\bin\jimage.dll

dbghelp: loaded successfully - version: 4.0.5 - missing functions: none
symbol engine: initialized successfully - sym options: 0x614 - pdb path: .;C:\PROGRA~1\R\R-36~1.3\bin\x64;C:\Windows\SYSTEM32;C:\Windows\WinSxS\amd64_microsoft.windows.common-controls_6595b64144ccf1df_6.0.18362.836_none_e6c4b943130f18ed;C:\Program Files\R\R-3.6.3\library\methods\libs\x64;C:\Program Files\R\R-3.6.3\library\utils\libs\x64;C:\Program Files\R\R-3.6.3\library\grDevices\libs\x64;C:\Program Files\R\R-3.6.3\library\graphics\libs\x64;C:\Program Files\R\R-3.6.3\library\stats\libs\x64;C:\Users\Padulla\Documents\R\win-library\3.6\digest\libs\x64;C:\Users\Padulla\Documents\R\win-library\3.6\rlang\libs\x64;C:\Users\Padulla\Documents\R\win-library\3.6\Rcpp\libs\x64;C:\Users\Padulla\Documents\R\win-library\3.6\htmltools\libs\x64;C:\Program Files\R\R-3.6.3\library\tools\libs\x64;C:\Users\Padulla\Documents\R\win-library\3.6\yaml\libs\x64;C:\Users\Padulla\Documents\R\win-library\3.6\jsonlite\libs\x64;C:\Users\Padulla\Documents\R\win-library\3.6\stringi\libs\x64;C:\Users\Padulla\Documents\R\win-library\3.6\glue\libs\x64;C:\Users\Padulla\Documents\R\win-library\3.6\ellipsis\libs\x64;C:\Users\Padulla\Documents\R\win-library\3.6\vctrs\libs\x64;C:\Users\Padulla\Documents\R\win-library\3.6\tibble\libs\x64;C:\Users\Padulla\Documents\R\win-library\3.6\purrr\libs\x64;C:\Users\Padulla\Documents\R\win-library\3.6\dplyr\libs\x64;C:\Program Files\R\R-3.6.3\library\grid\libs\x64;C:\Users\Padulla\Documents\R\win-library\3.6\lattice\libs\x64;C:\Users\Padulla\Documents\R\win-library\3.6\nlme\libs\x64;C:\Users\Padulla\Documents\R\win-library\3.6\tidyr\libs\x64;C:\Users\Padulla\Documents\R\win-library\3.6\backports\libs\x64;C:\Users\Padulla\Documents\R\win-library\3.6\colorspace\libs\x64;C:\Users\Padulla\Documents\R\win-library\3.6\haven\libs\x64;C:\Users\Padulla\Documents\R\win-library\3.6\lubridate\libs\x64;C:\Users\Padulla\Documents\R\win-library\3.6\readr\libs\x64;C:\Users\Padulla\Documents\R\win-library\3.6\readxl\libs\x64;C:\Users\Padulla\Documents\R\win-library\3.6\fs\libs\x64;C:\Users\Padulla\Documents\R\win-library\3.6\xml2\libs\x64;C:\Users\Padulla\Documents\R\win-library\3.6\fansi\libs\x64;C:\Users\Padulla\Documents\R\win-library\3.6\data.table\libs\x64;C:\Users\Padulla\Documents\R\win-library\3.6\lazyeval\libs\x64;C:\Users\Padulla\Documents\R\win-library\3.6\rJava\libs\x64;C:\Program Files\Java\jdk-11.0.1\bin\server;C:\Program Files\Java\jdk-11.0.1\bin

VM Arguments:
jvm_args: -Dr.arch=/x64 -Xmx512m -Xrs 
java_command: <unknown>
java_class_path (initial): C:/Users/Padulla/Documents/R/win-library/3.6/rJava/java/boot
Launcher Type: generic

[Global flags]
     intx CICompilerCount                          = 3                                         {product} {ergonomic}
     uint ConcGCThreads                            = 1                                         {product} {ergonomic}
     uint G1ConcRefinementThreads                  = 4                                         {product} {ergonomic}
   size_t G1HeapRegionSize                         = 1048576                                   {product} {ergonomic}
    uintx GCDrainStackTargetSize                   = 64                                        {product} {ergonomic}
   size_t InitialHeapSize                          = 268435456                                 {product} {ergonomic}
   size_t MarkStackSize                            = 4194304                                   {product} {ergonomic}
   size_t MaxHeapSize                              = 536870912                                 {product} {command line}
   size_t MinHeapDeltaBytes                        = 1048576                                   {product} {ergonomic}
    uintx NonNMethodCodeHeapSize                   = 5830092                                {pd product} {ergonomic}
    uintx NonProfiledCodeHeapSize                  = 122914074                              {pd product} {ergonomic}
    uintx ProfiledCodeHeapSize                     = 122914074                              {pd product} {ergonomic}
     bool ReduceSignalUsage                        = true                                      {product} {command line}
    uintx ReservedCodeCacheSize                    = 251658240                              {pd product} {ergonomic}
     bool SegmentedCodeCache                       = true                                      {product} {ergonomic}
     bool UseCompressedClassPointers               = true                                 {lp64_product} {ergonomic}
     bool UseCompressedOops                        = true                                 {lp64_product} {ergonomic}
     bool UseG1GC                                  = true                                      {product} {ergonomic}
     bool UseLargePagesIndividualAllocation        = false                                  {pd product} {ergonomic}

Logging:
Log output configuration:
 #0: stdout all=warning uptime,level,tags
 #1: stderr all=off uptime,level,tags

Environment Variables:
PATH=C:\Program Files\R\R-3.6.3\bin\x64;C:\ProgramData\Oracle\Java\javapath;C:\Program Files (x86)\Intel\iCLS Client\;C:\Program Files\Intel\iCLS Client\;C:\Windows\system32;C:\Windows;C:\Windows\System32\Wbem;C:\Windows\System32\WindowsPowerShell\v1.0\;C:\Program Files\Intel\Intel(R) Management Engine Components\DAL;C:\Program Files (x86)\Intel\Intel(R) Management Engine Components\DAL;C:\Program Files\Intel\Intel(R) Management Engine Components\IPT;C:\Program Files (x86)\Intel\Intel(R) Management Engine Components\IPT;C:\Program Files (x86)\ATI Technologies\ATI.ACE\Core-Static;C:\Users\Padulla\bin;C:\Program Files\R\R-3.4.2\bin;C:\Windows\System32\OpenSSH\;C:\Program Files\Git\cmd;C:\Program Files\dotnet\;C:\Program Files\MATLAB\R2015b\bin;C:\Program Files\MiKTeX 2.9\miktex\bin\x64\;C:\Users\Padulla\AppData\Local\Programs\Python\Python37\Scripts\;C:\Users\Padulla\AppData\Local\Programs\Python\Python37\;C:\Users\Padulla\AppData\Local\Microsoft\WindowsApps;C:\Users\Padulla\AppData\Local\Microsoft\WindowsApps;C:\Program Files\JetBrains\PyCharm Community Edition 2019.3\bin;C:\Users\Padulla\AppData\Local\Programs\Microsoft VS Code\bin;C:\Users\Padulla\AppData\Roaming\Python\Python37\Scripts;C:\Users\Padulla\AppData\Local\GitHubDesktop\bin;C:\Program Files\RStudio\bin\rpostback;C:\Program Files\RStudio\bin\postback
USERNAME=Padulla
DISPLAY=:0
OS=Windows_NT
PROCESSOR_IDENTIFIER=Intel64 Family 6 Model 60 Stepping 3, GenuineIntel



---------------  S Y S T E M  ---------------

OS: Windows 10 , 64 bit Build 18362 (10.0.18362.778)

CPU:total 4 (initial active 4) (4 cores per cpu, 1 threads per core) family 6 model 60 stepping 3, cmov, cx8, fxsr, mmx, sse, sse2, sse3, ssse3, sse4.1, sse4.2, popcnt, avx, avx2, aes, clmul, erms, lzcnt, tsc, tscinvbit, bmi1, bmi2, fma

Memory: 4k page, system-wide physical 16302M (2888M free)
TotalPageFile size 16342M (AvailPageFile size 35M)
current process WorkingSet (physical memory assigned to process): 168M, peak: 168M
current process commit charge ("private bytes"): 231M, peak: 487M

vm_info: Java HotSpot(TM) 64-Bit Server VM (11.0.1+13-LTS) for windows-amd64 JRE (11.0.1+13-LTS), built on Oct  6 2018 13:20:16 by "mach5one" with MS VC++ 15.5 (VS2017)

END.
