#
# There is insufficient memory for the Java Runtime Environment to continue.
# Native memory allocation (malloc) failed to allocate 1048576 bytes for AllocateHeap
# Possible reasons:
#   The system is out of physical RAM or swap space
#   The process is running with CompressedOops enabled, and the Java Heap may be blocking the growth of the native heap
# Possible solutions:
#   Reduce memory load on the system
#   Increase physical memory or swap space
#   Check if swap backing store is full
#   Decrease Java heap size (-Xmx/-Xms)
#   Decrease number of Java threads
#   Decrease Java thread stack sizes (-Xss)
#   Set larger code cache with -XX:ReservedCodeCacheSize=
#   JVM is running with Unscaled Compressed Oops mode in which the Java heap is
#     placed in the first 4GB address space. The Java Heap base address is the
#     maximum limit for the native heap growth. Please use -XX:HeapBaseMinAddress
#     to set the Java Heap base and to place the Java Heap above 4GB virtual address.
# This output file may be truncated or incomplete.
#
#  Out of Memory Error (t:/workspace/open/src/hotspot/share/memory/allocation.cpp:46), pid=16468, tid=2720
#
# JRE version: Java(TM) SE Runtime Environment (11.0.1+13) (build 11.0.1+13-LTS)
# Java VM: Java HotSpot(TM) 64-Bit Server VM (11.0.1+13-LTS, mixed mode, tiered, compressed oops, g1 gc, windows-amd64)
# No core dump will be written. Minidumps are not enabled by default on client versions of Windows
#

---------------  S U M M A R Y ------------

Command Line: -Dr.arch=/x64 -Xmx512m -Xrs 

Host: Intel(R) Core(TM) i5-4590 CPU @ 3.30GHz, 4 cores, 15G,  Windows 10 , 64 bit Build 18362 (10.0.18362.778)
Time: Tue May 19 17:21:41 2020 Hora oficial do Brasil elapsed time: 0 seconds (0d 0h 0m 0s)

---------------  T H R E A D  ---------------

Current thread (0x000000004ba6a800):  VMThread "VM Thread" [stack: 0x000000004c520000,0x0000000050520000] [id=2720]

Stack: [0x000000004c520000,0x0000000050520000]
[error occurred during error reporting (printing stack bounds), id 0xc0000005, EXCEPTION_ACCESS_VIOLATION (0xc0000005) at pc=0x00000000252e0bad]

Native frames: (J=compiled Java code, j=interpreted, Vv=VM code, C=native code)
V  [jvm.dll+0x63c21a]
V  [jvm.dll+0x7797df]
V  [jvm.dll+0x77adca]
V  [jvm.dll+0x77b3e5]
V  [jvm.dll+0x77b39b]
V  [jvm.dll+0x63b916]
V  [jvm.dll+0x63bce8]
C  [ntdll.dll+0xa11cf]
C  [ntdll.dll+0x6a209]
C  [ntdll.dll+0x9fe3e]
C  0x00000000252e0bad

VM_Operation (0x00000000043f4b10): CollectForMetadataAllocation, mode: safepoint, requested by thread 0x000000001cf1d000


---------------  P R O C E S S  ---------------

Threads class SMR info:
_java_thread_list=0x0000000060c2faf0, length=10, elements={
0x000000001cf1d000, 0x000000004ba8e000, 0x000000004ba99000, 0x000000004baf8800,
0x000000004bafb800, 0x000000004baaa000, 0x000000004baad800, 0x000000004bc5c800,
0x000000004bc83800, 0x0000000060da7000
}

Java Threads: ( => current thread )
  0x000000001cf1d000 JavaThread "main" [_thread_blocked, id=12536, stack(0x0000000000420000,0x0000000004420000)]
  0x000000004ba8e000 JavaThread "Reference Handler" daemon [_thread_blocked, id=8808, stack(0x0000000050520000,0x0000000054520000)]
  0x000000004ba99000 JavaThread "Finalizer" daemon [_thread_blocked, id=9312, stack(0x0000000054520000,0x0000000058520000)]
  0x000000004baf8800 JavaThread "Attach Listener" daemon [_thread_blocked, id=4280, stack(0x0000000058630000,0x000000005c630000)]
  0x000000004bafb800 JavaThread "C2 CompilerThread0" daemon [_thread_blocked, id=14616, stack(0x000000005c630000,0x0000000060630000)]
  0x000000004baaa000 JavaThread "C1 CompilerThread0" daemon [_thread_blocked, id=16340, stack(0x00000000711b0000,0x00000000751b0000)]
  0x000000004baad800 JavaThread "Sweeper thread" daemon [_thread_blocked, id=10604, stack(0x00000000751b0000,0x00000000791b0000)]
  0x000000004bc5c800 JavaThread "Service Thread" daemon [_thread_blocked, id=13352, stack(0x00000000791b0000,0x000000007d1b0000)]
  0x000000004bc83800 JavaThread "Common-Cleaner" daemon [_thread_blocked, id=7036, stack(0x0000000083ff0000,0x0000000087ff0000)]
  0x0000000060da7000 JavaThread "C2 CompilerThread1" daemon [_thread_blocked, id=12220, stack(0x0000000087ff0000,0x000000008bff0000)]

Other Threads:
=>0x000000004ba6a800 VMThread "VM Thread" [stack: 0x000000004c520000,0x0000000050520000] [id=2720]
  0x000000004bc7c800 WatcherThread [stack: 0x000000007fff0000,0x0000000083ff0000] [id=3204]
  0x000000001cf33800 GCTaskThread "GC Thread#0" [stack: 0x00000000342e0000,0x00000000382e0000] [id=8996]
  0x0000000060d5f800 GCTaskThread "GC Thread#1" [stack: 0x000000008bff0000,0x000000008fff0000] [id=9664]
  0x0000000060d5f000 GCTaskThread "GC Thread#2" [stack: 0x000000008fff0000,0x0000000093ff0000] [id=10804]
  0x0000000060d60800 GCTaskThread "GC Thread#3" [stack: 0x0000000093ff0000,0x0000000097ff0000] [id=10004]
  0x000000001cf46800 ConcurrentGCThread "G1 Main Marker" [stack: 0x00000000394e0000,0x000000003d4e0000] [id=10832]
  0x000000001cf4b000 ConcurrentGCThread "G1 Conc#0" [stack: 0x000000003d4e0000,0x00000000414e0000] [id=11268]
  0x000000001d03f000 ConcurrentGCThread "G1 Refine#0" [stack: 0x0000000043920000,0x0000000047920000] [id=8168]
  0x000000001d041000 ConcurrentGCThread "G1 Young RemSet Sampling" [stack: 0x0000000047920000,0x000000004b920000] [id=10952]

Threads with active compile tasks:

VM state:at safepoint (normal execution)

VM Mutex/Monitor currently owned by a thread:  ([mutex/lock_event])
[0x000000001cf1a540] Threads_lock - owner thread: 0x000000004ba6a800
[0x000000001cf1b2c0] Heap_lock - owner thread: 0x000000001cf1d000

Heap address: 0x00000000e0000000, size: 512 MB, Compressed Oops mode: 32-bit
Narrow klass base: 0x0000000000000000, Narrow klass shift: 3
Compressed class space size: 1073741824 Address: 0x0000000100000000

Heap:
 garbage-first heap   total 262144K, used 4101K [0x00000000e0000000, 0x0000000100000000)
  region size 1024K, 3 young (3072K), 3 survivors (3072K)
 Metaspace       used 10658K, capacity 10770K, committed 10880K, reserved 1067008K
  class space    used 1066K, capacity 1098K, committed 1152K, reserved 1048576K
Heap Regions: E=young(eden), S=young(survivor), O=old, HS=humongous(starts), HC=humongous(continues), CS=collection set, F=free, A=archive, TAMS=top-at-mark-start (previous, next)
|   0|0x00000000e0000000, 0x00000000e0100000, 0x00000000e0100000|100%|HS|  |TAMS 0x00000000e0000000, 0x00000000e0100000| Complete 
|   1|0x00000000e0100000, 0x00000000e01cc000, 0x00000000e0200000| 79%| O|  |TAMS 0x00000000e0100000, 0x00000000e01cc000| Untracked 
|   2|0x00000000e0200000, 0x00000000e0200000, 0x00000000e0300000|  0%| F|  |TAMS 0x00000000e0200000, 0x00000000e0200000| Untracked 
|   3|0x00000000e0300000, 0x00000000e0300000, 0x00000000e0400000|  0%| F|  |TAMS 0x00000000e0300000, 0x00000000e0300000| Untracked 
|   4|0x00000000e0400000, 0x00000000e0400000, 0x00000000e0500000|  0%| F|  |TAMS 0x00000000e0400000, 0x00000000e0400000| Untracked 
|   5|0x00000000e0500000, 0x00000000e0500000, 0x00000000e0600000|  0%| F|  |TAMS 0x00000000e0500000, 0x00000000e0500000| Untracked 
|   6|0x00000000e0600000, 0x00000000e0600000, 0x00000000e0700000|  0%| F|  |TAMS 0x00000000e0600000, 0x00000000e0600000| Untracked 
|   7|0x00000000e0700000, 0x00000000e0700000, 0x00000000e0800000|  0%| F|  |TAMS 0x00000000e0700000, 0x00000000e0700000| Untracked 
|   8|0x00000000e0800000, 0x00000000e0800000, 0x00000000e0900000|  0%| F|  |TAMS 0x00000000e0800000, 0x00000000e0800000| Untracked 
|   9|0x00000000e0900000, 0x00000000e0900000, 0x00000000e0a00000|  0%| F|  |TAMS 0x00000000e0900000, 0x00000000e0900000| Untracked 
|  10|0x00000000e0a00000, 0x00000000e0a00000, 0x00000000e0b00000|  0%| F|  |TAMS 0x00000000e0a00000, 0x00000000e0a00000| Untracked 
|  11|0x00000000e0b00000, 0x00000000e0b00000, 0x00000000e0c00000|  0%| F|  |TAMS 0x00000000e0b00000, 0x00000000e0b00000| Untracked 
|  12|0x00000000e0c00000, 0x00000000e0c00000, 0x00000000e0d00000|  0%| F|  |TAMS 0x00000000e0c00000, 0x00000000e0c00000| Untracked 
|  13|0x00000000e0d00000, 0x00000000e0d00000, 0x00000000e0e00000|  0%| F|  |TAMS 0x00000000e0d00000, 0x00000000e0d00000| Untracked 
|  14|0x00000000e0e00000, 0x00000000e0e00000, 0x00000000e0f00000|  0%| F|  |TAMS 0x00000000e0e00000, 0x00000000e0e00000| Untracked 
|  15|0x00000000e0f00000, 0x00000000e0f00000, 0x00000000e1000000|  0%| F|  |TAMS 0x00000000e0f00000, 0x00000000e0f00000| Untracked 
|  16|0x00000000e1000000, 0x00000000e1000000, 0x00000000e1100000|  0%| F|  |TAMS 0x00000000e1000000, 0x00000000e1000000| Untracked 
|  17|0x00000000e1100000, 0x00000000e1100000, 0x00000000e1200000|  0%| F|  |TAMS 0x00000000e1100000, 0x00000000e1100000| Untracked 
|  18|0x00000000e1200000, 0x00000000e1200000, 0x00000000e1300000|  0%| F|  |TAMS 0x00000000e1200000, 0x00000000e1200000| Untracked 
|  19|0x00000000e1300000, 0x00000000e1300000, 0x00000000e1400000|  0%| F|  |TAMS 0x00000000e1300000, 0x00000000e1300000| Untracked 
|  20|0x00000000e1400000, 0x00000000e1400000, 0x00000000e1500000|  0%| F|  |TAMS 0x00000000e1400000, 0x00000000e1400000| Untracked 
|  21|0x00000000e1500000, 0x00000000e1500000, 0x00000000e1600000|  0%| F|  |TAMS 0x00000000e1500000, 0x00000000e1500000| Untracked 
|  22|0x00000000e1600000, 0x00000000e1600000, 0x00000000e1700000|  0%| F|  |TAMS 0x00000000e1600000, 0x00000000e1600000| Untracked 
|  23|0x00000000e1700000, 0x00000000e1700000, 0x00000000e1800000|  0%| F|  |TAMS 0x00000000e1700000, 0x00000000e1700000| Untracked 
|  24|0x00000000e1800000, 0x00000000e1800000, 0x00000000e1900000|  0%| F|  |TAMS 0x00000000e1800000, 0x00000000e1800000| Untracked 
|  25|0x00000000e1900000, 0x00000000e1900000, 0x00000000e1a00000|  0%| F|  |TAMS 0x00000000e1900000, 0x00000000e1900000| Untracked 
|  26|0x00000000e1a00000, 0x00000000e1a00000, 0x00000000e1b00000|  0%| F|  |TAMS 0x00000000e1a00000, 0x00000000e1a00000| Untracked 
|  27|0x00000000e1b00000, 0x00000000e1b00000, 0x00000000e1c00000|  0%| F|  |TAMS 0x00000000e1b00000, 0x00000000e1b00000| Untracked 
|  28|0x00000000e1c00000, 0x00000000e1c00000, 0x00000000e1d00000|  0%| F|  |TAMS 0x00000000e1c00000, 0x00000000e1c00000| Untracked 
|  29|0x00000000e1d00000, 0x00000000e1d00000, 0x00000000e1e00000|  0%| F|  |TAMS 0x00000000e1d00000, 0x00000000e1d00000| Untracked 
|  30|0x00000000e1e00000, 0x00000000e1e00000, 0x00000000e1f00000|  0%| F|  |TAMS 0x00000000e1e00000, 0x00000000e1e00000| Untracked 
|  31|0x00000000e1f00000, 0x00000000e1f00000, 0x00000000e2000000|  0%| F|  |TAMS 0x00000000e1f00000, 0x00000000e1f00000| Untracked 
|  32|0x00000000e2000000, 0x00000000e2000000, 0x00000000e2100000|  0%| F|  |TAMS 0x00000000e2000000, 0x00000000e2000000| Untracked 
|  33|0x00000000e2100000, 0x00000000e2100000, 0x00000000e2200000|  0%| F|  |TAMS 0x00000000e2100000, 0x00000000e2100000| Untracked 
|  34|0x00000000e2200000, 0x00000000e2200000, 0x00000000e2300000|  0%| F|  |TAMS 0x00000000e2200000, 0x00000000e2200000| Untracked 
|  35|0x00000000e2300000, 0x00000000e2300000, 0x00000000e2400000|  0%| F|  |TAMS 0x00000000e2300000, 0x00000000e2300000| Untracked 
|  36|0x00000000e2400000, 0x00000000e2400000, 0x00000000e2500000|  0%| F|  |TAMS 0x00000000e2400000, 0x00000000e2400000| Untracked 
|  37|0x00000000e2500000, 0x00000000e2500000, 0x00000000e2600000|  0%| F|  |TAMS 0x00000000e2500000, 0x00000000e2500000| Untracked 
|  38|0x00000000e2600000, 0x00000000e2600000, 0x00000000e2700000|  0%| F|  |TAMS 0x00000000e2600000, 0x00000000e2600000| Untracked 
|  39|0x00000000e2700000, 0x00000000e2700000, 0x00000000e2800000|  0%| F|  |TAMS 0x00000000e2700000, 0x00000000e2700000| Untracked 
|  40|0x00000000e2800000, 0x00000000e2800000, 0x00000000e2900000|  0%| F|  |TAMS 0x00000000e2800000, 0x00000000e2800000| Untracked 
|  41|0x00000000e2900000, 0x00000000e2900000, 0x00000000e2a00000|  0%| F|  |TAMS 0x00000000e2900000, 0x00000000e2900000| Untracked 
|  42|0x00000000e2a00000, 0x00000000e2a00000, 0x00000000e2b00000|  0%| F|  |TAMS 0x00000000e2a00000, 0x00000000e2a00000| Untracked 
|  43|0x00000000e2b00000, 0x00000000e2b00000, 0x00000000e2c00000|  0%| F|  |TAMS 0x00000000e2b00000, 0x00000000e2b00000| Untracked 
|  44|0x00000000e2c00000, 0x00000000e2c00000, 0x00000000e2d00000|  0%| F|  |TAMS 0x00000000e2c00000, 0x00000000e2c00000| Untracked 
|  45|0x00000000e2d00000, 0x00000000e2d00000, 0x00000000e2e00000|  0%| F|  |TAMS 0x00000000e2d00000, 0x00000000e2d00000| Untracked 
|  46|0x00000000e2e00000, 0x00000000e2e00000, 0x00000000e2f00000|  0%| F|  |TAMS 0x00000000e2e00000, 0x00000000e2e00000| Untracked 
|  47|0x00000000e2f00000, 0x00000000e2f00000, 0x00000000e3000000|  0%| F|  |TAMS 0x00000000e2f00000, 0x00000000e2f00000| Untracked 
|  48|0x00000000e3000000, 0x00000000e3000000, 0x00000000e3100000|  0%| F|  |TAMS 0x00000000e3000000, 0x00000000e3000000| Untracked 
|  49|0x00000000e3100000, 0x00000000e3100000, 0x00000000e3200000|  0%| F|  |TAMS 0x00000000e3100000, 0x00000000e3100000| Untracked 
|  50|0x00000000e3200000, 0x00000000e3200000, 0x00000000e3300000|  0%| F|  |TAMS 0x00000000e3200000, 0x00000000e3200000| Untracked 
|  51|0x00000000e3300000, 0x00000000e3300000, 0x00000000e3400000|  0%| F|  |TAMS 0x00000000e3300000, 0x00000000e3300000| Untracked 
|  52|0x00000000e3400000, 0x00000000e3400000, 0x00000000e3500000|  0%| F|  |TAMS 0x00000000e3400000, 0x00000000e3400000| Untracked 
|  53|0x00000000e3500000, 0x00000000e3500000, 0x00000000e3600000|  0%| F|  |TAMS 0x00000000e3500000, 0x00000000e3500000| Untracked 
|  54|0x00000000e3600000, 0x00000000e3600000, 0x00000000e3700000|  0%| F|  |TAMS 0x00000000e3600000, 0x00000000e3600000| Untracked 
|  55|0x00000000e3700000, 0x00000000e3700000, 0x00000000e3800000|  0%| F|  |TAMS 0x00000000e3700000, 0x00000000e3700000| Untracked 
|  56|0x00000000e3800000, 0x00000000e3800000, 0x00000000e3900000|  0%| F|  |TAMS 0x00000000e3800000, 0x00000000e3800000| Untracked 
|  57|0x00000000e3900000, 0x00000000e3900000, 0x00000000e3a00000|  0%| F|  |TAMS 0x00000000e3900000, 0x00000000e3900000| Untracked 
|  58|0x00000000e3a00000, 0x00000000e3a00000, 0x00000000e3b00000|  0%| F|  |TAMS 0x00000000e3a00000, 0x00000000e3a00000| Untracked 
|  59|0x00000000e3b00000, 0x00000000e3b00000, 0x00000000e3c00000|  0%| F|  |TAMS 0x00000000e3b00000, 0x00000000e3b00000| Untracked 
|  60|0x00000000e3c00000, 0x00000000e3c00000, 0x00000000e3d00000|  0%| F|  |TAMS 0x00000000e3c00000, 0x00000000e3c00000| Untracked 
|  61|0x00000000e3d00000, 0x00000000e3d00000, 0x00000000e3e00000|  0%| F|  |TAMS 0x00000000e3d00000, 0x00000000e3d00000| Untracked 
|  62|0x00000000e3e00000, 0x00000000e3e00000, 0x00000000e3f00000|  0%| F|  |TAMS 0x00000000e3e00000, 0x00000000e3e00000| Untracked 
|  63|0x00000000e3f00000, 0x00000000e3f00000, 0x00000000e4000000|  0%| F|  |TAMS 0x00000000e3f00000, 0x00000000e3f00000| Untracked 
|  64|0x00000000e4000000, 0x00000000e4000000, 0x00000000e4100000|  0%| F|  |TAMS 0x00000000e4000000, 0x00000000e4000000| Untracked 
|  65|0x00000000e4100000, 0x00000000e4100000, 0x00000000e4200000|  0%| F|  |TAMS 0x00000000e4100000, 0x00000000e4100000| Untracked 
|  66|0x00000000e4200000, 0x00000000e4200000, 0x00000000e4300000|  0%| F|  |TAMS 0x00000000e4200000, 0x00000000e4200000| Untracked 
|  67|0x00000000e4300000, 0x00000000e4300000, 0x00000000e4400000|  0%| F|  |TAMS 0x00000000e4300000, 0x00000000e4300000| Untracked 
|  68|0x00000000e4400000, 0x00000000e4400000, 0x00000000e4500000|  0%| F|  |TAMS 0x00000000e4400000, 0x00000000e4400000| Untracked 
|  69|0x00000000e4500000, 0x00000000e4500000, 0x00000000e4600000|  0%| F|  |TAMS 0x00000000e4500000, 0x00000000e4500000| Untracked 
|  70|0x00000000e4600000, 0x00000000e4600000, 0x00000000e4700000|  0%| F|  |TAMS 0x00000000e4600000, 0x00000000e4600000| Untracked 
|  71|0x00000000e4700000, 0x00000000e4700000, 0x00000000e4800000|  0%| F|  |TAMS 0x00000000e4700000, 0x00000000e4700000| Untracked 
|  72|0x00000000e4800000, 0x00000000e4800000, 0x00000000e4900000|  0%| F|  |TAMS 0x00000000e4800000, 0x00000000e4800000| Untracked 
|  73|0x00000000e4900000, 0x00000000e4900000, 0x00000000e4a00000|  0%| F|  |TAMS 0x00000000e4900000, 0x00000000e4900000| Untracked 
|  74|0x00000000e4a00000, 0x00000000e4a00000, 0x00000000e4b00000|  0%| F|  |TAMS 0x00000000e4a00000, 0x00000000e4a00000| Untracked 
|  75|0x00000000e4b00000, 0x00000000e4b00000, 0x00000000e4c00000|  0%| F|  |TAMS 0x00000000e4b00000, 0x00000000e4b00000| Untracked 
|  76|0x00000000e4c00000, 0x00000000e4c00000, 0x00000000e4d00000|  0%| F|  |TAMS 0x00000000e4c00000, 0x00000000e4c00000| Untracked 
|  77|0x00000000e4d00000, 0x00000000e4d00000, 0x00000000e4e00000|  0%| F|  |TAMS 0x00000000e4d00000, 0x00000000e4d00000| Untracked 
|  78|0x00000000e4e00000, 0x00000000e4e00000, 0x00000000e4f00000|  0%| F|  |TAMS 0x00000000e4e00000, 0x00000000e4e00000| Untracked 
|  79|0x00000000e4f00000, 0x00000000e4f00000, 0x00000000e5000000|  0%| F|  |TAMS 0x00000000e4f00000, 0x00000000e4f00000| Untracked 
|  80|0x00000000e5000000, 0x00000000e5000000, 0x00000000e5100000|  0%| F|  |TAMS 0x00000000e5000000, 0x00000000e5000000| Untracked 
|  81|0x00000000e5100000, 0x00000000e5100000, 0x00000000e5200000|  0%| F|  |TAMS 0x00000000e5100000, 0x00000000e5100000| Untracked 
|  82|0x00000000e5200000, 0x00000000e5200000, 0x00000000e5300000|  0%| F|  |TAMS 0x00000000e5200000, 0x00000000e5200000| Untracked 
|  83|0x00000000e5300000, 0x00000000e5300000, 0x00000000e5400000|  0%| F|  |TAMS 0x00000000e5300000, 0x00000000e5300000| Untracked 
|  84|0x00000000e5400000, 0x00000000e5400000, 0x00000000e5500000|  0%| F|  |TAMS 0x00000000e5400000, 0x00000000e5400000| Untracked 
|  85|0x00000000e5500000, 0x00000000e5500000, 0x00000000e5600000|  0%| F|  |TAMS 0x00000000e5500000, 0x00000000e5500000| Untracked 
|  86|0x00000000e5600000, 0x00000000e5600000, 0x00000000e5700000|  0%| F|  |TAMS 0x00000000e5600000, 0x00000000e5600000| Untracked 
|  87|0x00000000e5700000, 0x00000000e5700000, 0x00000000e5800000|  0%| F|  |TAMS 0x00000000e5700000, 0x00000000e5700000| Untracked 
|  88|0x00000000e5800000, 0x00000000e5800000, 0x00000000e5900000|  0%| F|  |TAMS 0x00000000e5800000, 0x00000000e5800000| Untracked 
|  89|0x00000000e5900000, 0x00000000e5900000, 0x00000000e5a00000|  0%| F|  |TAMS 0x00000000e5900000, 0x00000000e5900000| Untracked 
|  90|0x00000000e5a00000, 0x00000000e5a00000, 0x00000000e5b00000|  0%| F|  |TAMS 0x00000000e5a00000, 0x00000000e5a00000| Untracked 
|  91|0x00000000e5b00000, 0x00000000e5b00000, 0x00000000e5c00000|  0%| F|  |TAMS 0x00000000e5b00000, 0x00000000e5b00000| Untracked 
|  92|0x00000000e5c00000, 0x00000000e5c00000, 0x00000000e5d00000|  0%| F|  |TAMS 0x00000000e5c00000, 0x00000000e5c00000| Untracked 
|  93|0x00000000e5d00000, 0x00000000e5d00000, 0x00000000e5e00000|  0%| F|  |TAMS 0x00000000e5d00000, 0x00000000e5d00000| Untracked 
|  94|0x00000000e5e00000, 0x00000000e5e00000, 0x00000000e5f00000|  0%| F|  |TAMS 0x00000000e5e00000, 0x00000000e5e00000| Untracked 
|  95|0x00000000e5f00000, 0x00000000e5f00000, 0x00000000e6000000|  0%| F|  |TAMS 0x00000000e5f00000, 0x00000000e5f00000| Untracked 
|  96|0x00000000e6000000, 0x00000000e6000000, 0x00000000e6100000|  0%| F|  |TAMS 0x00000000e6000000, 0x00000000e6000000| Untracked 
|  97|0x00000000e6100000, 0x00000000e6100000, 0x00000000e6200000|  0%| F|  |TAMS 0x00000000e6100000, 0x00000000e6100000| Untracked 
|  98|0x00000000e6200000, 0x00000000e6200000, 0x00000000e6300000|  0%| F|  |TAMS 0x00000000e6200000, 0x00000000e6200000| Untracked 
|  99|0x00000000e6300000, 0x00000000e6300000, 0x00000000e6400000|  0%| F|  |TAMS 0x00000000e6300000, 0x00000000e6300000| Untracked 
| 100|0x00000000e6400000, 0x00000000e6400000, 0x00000000e6500000|  0%| F|  |TAMS 0x00000000e6400000, 0x00000000e6400000| Untracked 
| 101|0x00000000e6500000, 0x00000000e6500000, 0x00000000e6600000|  0%| F|  |TAMS 0x00000000e6500000, 0x00000000e6500000| Untracked 
| 102|0x00000000e6600000, 0x00000000e6600000, 0x00000000e6700000|  0%| F|  |TAMS 0x00000000e6600000, 0x00000000e6600000| Untracked 
| 103|0x00000000e6700000, 0x00000000e6700000, 0x00000000e6800000|  0%| F|  |TAMS 0x00000000e6700000, 0x00000000e6700000| Untracked 
| 104|0x00000000e6800000, 0x00000000e6800000, 0x00000000e6900000|  0%| F|  |TAMS 0x00000000e6800000, 0x00000000e6800000| Untracked 
| 105|0x00000000e6900000, 0x00000000e6900000, 0x00000000e6a00000|  0%| F|  |TAMS 0x00000000e6900000, 0x00000000e6900000| Untracked 
| 106|0x00000000e6a00000, 0x00000000e6a00000, 0x00000000e6b00000|  0%| F|  |TAMS 0x00000000e6a00000, 0x00000000e6a00000| Untracked 
| 107|0x00000000e6b00000, 0x00000000e6b00000, 0x00000000e6c00000|  0%| F|  |TAMS 0x00000000e6b00000, 0x00000000e6b00000| Untracked 
| 108|0x00000000e6c00000, 0x00000000e6c00000, 0x00000000e6d00000|  0%| F|  |TAMS 0x00000000e6c00000, 0x00000000e6c00000| Untracked 
| 109|0x00000000e6d00000, 0x00000000e6d00000, 0x00000000e6e00000|  0%| F|  |TAMS 0x00000000e6d00000, 0x00000000e6d00000| Untracked 
| 110|0x00000000e6e00000, 0x00000000e6e00000, 0x00000000e6f00000|  0%| F|  |TAMS 0x00000000e6e00000, 0x00000000e6e00000| Untracked 
| 111|0x00000000e6f00000, 0x00000000e6f00000, 0x00000000e7000000|  0%| F|  |TAMS 0x00000000e6f00000, 0x00000000e6f00000| Untracked 
| 112|0x00000000e7000000, 0x00000000e7000000, 0x00000000e7100000|  0%| F|  |TAMS 0x00000000e7000000, 0x00000000e7000000| Untracked 
| 113|0x00000000e7100000, 0x00000000e7100000, 0x00000000e7200000|  0%| F|  |TAMS 0x00000000e7100000, 0x00000000e7100000| Untracked 
| 114|0x00000000e7200000, 0x00000000e7200000, 0x00000000e7300000|  0%| F|  |TAMS 0x00000000e7200000, 0x00000000e7200000| Untracked 
| 115|0x00000000e7300000, 0x00000000e7300000, 0x00000000e7400000|  0%| F|  |TAMS 0x00000000e7300000, 0x00000000e7300000| Untracked 
| 116|0x00000000e7400000, 0x00000000e7400000, 0x00000000e7500000|  0%| F|  |TAMS 0x00000000e7400000, 0x00000000e7400000| Untracked 
| 117|0x00000000e7500000, 0x00000000e7500000, 0x00000000e7600000|  0%| F|  |TAMS 0x00000000e7500000, 0x00000000e7500000| Untracked 
| 118|0x00000000e7600000, 0x00000000e7600000, 0x00000000e7700000|  0%| F|  |TAMS 0x00000000e7600000, 0x00000000e7600000| Untracked 
| 119|0x00000000e7700000, 0x00000000e7700000, 0x00000000e7800000|  0%| F|  |TAMS 0x00000000e7700000, 0x00000000e7700000| Untracked 
| 120|0x00000000e7800000, 0x00000000e7800000, 0x00000000e7900000|  0%| F|  |TAMS 0x00000000e7800000, 0x00000000e7800000| Untracked 
| 121|0x00000000e7900000, 0x00000000e7900000, 0x00000000e7a00000|  0%| F|  |TAMS 0x00000000e7900000, 0x00000000e7900000| Untracked 
| 122|0x00000000e7a00000, 0x00000000e7a00000, 0x00000000e7b00000|  0%| F|  |TAMS 0x00000000e7a00000, 0x00000000e7a00000| Untracked 
| 123|0x00000000e7b00000, 0x00000000e7b00000, 0x00000000e7c00000|  0%| F|  |TAMS 0x00000000e7b00000, 0x00000000e7b00000| Untracked 
| 124|0x00000000e7c00000, 0x00000000e7c00000, 0x00000000e7d00000|  0%| F|  |TAMS 0x00000000e7c00000, 0x00000000e7c00000| Untracked 
| 125|0x00000000e7d00000, 0x00000000e7d00000, 0x00000000e7e00000|  0%| F|  |TAMS 0x00000000e7d00000, 0x00000000e7d00000| Untracked 
| 126|0x00000000e7e00000, 0x00000000e7e00000, 0x00000000e7f00000|  0%| F|  |TAMS 0x00000000e7e00000, 0x00000000e7e00000| Untracked 
| 127|0x00000000e7f00000, 0x00000000e7f00000, 0x00000000e8000000|  0%| F|  |TAMS 0x00000000e7f00000, 0x00000000e7f00000| Untracked 
| 128|0x00000000e8000000, 0x00000000e8000000, 0x00000000e8100000|  0%| F|  |TAMS 0x00000000e8000000, 0x00000000e8000000| Untracked 
| 129|0x00000000e8100000, 0x00000000e8100000, 0x00000000e8200000|  0%| F|  |TAMS 0x00000000e8100000, 0x00000000e8100000| Untracked 
| 130|0x00000000e8200000, 0x00000000e8200000, 0x00000000e8300000|  0%| F|  |TAMS 0x00000000e8200000, 0x00000000e8200000| Untracked 
| 131|0x00000000e8300000, 0x00000000e8300000, 0x00000000e8400000|  0%| F|  |TAMS 0x00000000e8300000, 0x00000000e8300000| Untracked 
| 132|0x00000000e8400000, 0x00000000e8400000, 0x00000000e8500000|  0%| F|  |TAMS 0x00000000e8400000, 0x00000000e8400000| Untracked 
| 133|0x00000000e8500000, 0x00000000e8500000, 0x00000000e8600000|  0%| F|  |TAMS 0x00000000e8500000, 0x00000000e8500000| Untracked 
| 134|0x00000000e8600000, 0x00000000e8600000, 0x00000000e8700000|  0%| F|  |TAMS 0x00000000e8600000, 0x00000000e8600000| Untracked 
| 135|0x00000000e8700000, 0x00000000e8700000, 0x00000000e8800000|  0%| F|  |TAMS 0x00000000e8700000, 0x00000000e8700000| Untracked 
| 136|0x00000000e8800000, 0x00000000e8800000, 0x00000000e8900000|  0%| F|  |TAMS 0x00000000e8800000, 0x00000000e8800000| Untracked 
| 137|0x00000000e8900000, 0x00000000e8900000, 0x00000000e8a00000|  0%| F|  |TAMS 0x00000000e8900000, 0x00000000e8900000| Untracked 
| 138|0x00000000e8a00000, 0x00000000e8a00000, 0x00000000e8b00000|  0%| F|  |TAMS 0x00000000e8a00000, 0x00000000e8a00000| Untracked 
| 139|0x00000000e8b00000, 0x00000000e8b00000, 0x00000000e8c00000|  0%| F|  |TAMS 0x00000000e8b00000, 0x00000000e8b00000| Untracked 
| 140|0x00000000e8c00000, 0x00000000e8c00000, 0x00000000e8d00000|  0%| F|  |TAMS 0x00000000e8c00000, 0x00000000e8c00000| Untracked 
| 141|0x00000000e8d00000, 0x00000000e8d00000, 0x00000000e8e00000|  0%| F|  |TAMS 0x00000000e8d00000, 0x00000000e8d00000| Untracked 
| 142|0x00000000e8e00000, 0x00000000e8e00000, 0x00000000e8f00000|  0%| F|  |TAMS 0x00000000e8e00000, 0x00000000e8e00000| Untracked 
| 143|0x00000000e8f00000, 0x00000000e8f00000, 0x00000000e9000000|  0%| F|  |TAMS 0x00000000e8f00000, 0x00000000e8f00000| Untracked 
| 144|0x00000000e9000000, 0x00000000e9000000, 0x00000000e9100000|  0%| F|  |TAMS 0x00000000e9000000, 0x00000000e9000000| Untracked 
| 145|0x00000000e9100000, 0x00000000e9100000, 0x00000000e9200000|  0%| F|  |TAMS 0x00000000e9100000, 0x00000000e9100000| Untracked 
| 146|0x00000000e9200000, 0x00000000e9200000, 0x00000000e9300000|  0%| F|  |TAMS 0x00000000e9200000, 0x00000000e9200000| Untracked 
| 147|0x00000000e9300000, 0x00000000e9300000, 0x00000000e9400000|  0%| F|  |TAMS 0x00000000e9300000, 0x00000000e9300000| Untracked 
| 148|0x00000000e9400000, 0x00000000e9400000, 0x00000000e9500000|  0%| F|  |TAMS 0x00000000e9400000, 0x00000000e9400000| Untracked 
| 149|0x00000000e9500000, 0x00000000e9500000, 0x00000000e9600000|  0%| F|  |TAMS 0x00000000e9500000, 0x00000000e9500000| Untracked 
| 150|0x00000000e9600000, 0x00000000e9600000, 0x00000000e9700000|  0%| F|  |TAMS 0x00000000e9600000, 0x00000000e9600000| Untracked 
| 151|0x00000000e9700000, 0x00000000e9700000, 0x00000000e9800000|  0%| F|  |TAMS 0x00000000e9700000, 0x00000000e9700000| Untracked 
| 152|0x00000000e9800000, 0x00000000e9800000, 0x00000000e9900000|  0%| F|  |TAMS 0x00000000e9800000, 0x00000000e9800000| Untracked 
| 153|0x00000000e9900000, 0x00000000e9900000, 0x00000000e9a00000|  0%| F|  |TAMS 0x00000000e9900000, 0x00000000e9900000| Untracked 
| 154|0x00000000e9a00000, 0x00000000e9a00000, 0x00000000e9b00000|  0%| F|  |TAMS 0x00000000e9a00000, 0x00000000e9a00000| Untracked 
| 155|0x00000000e9b00000, 0x00000000e9b00000, 0x00000000e9c00000|  0%| F|  |TAMS 0x00000000e9b00000, 0x00000000e9b00000| Untracked 
| 156|0x00000000e9c00000, 0x00000000e9c00000, 0x00000000e9d00000|  0%| F|  |TAMS 0x00000000e9c00000, 0x00000000e9c00000| Untracked 
| 157|0x00000000e9d00000, 0x00000000e9d00000, 0x00000000e9e00000|  0%| F|  |TAMS 0x00000000e9d00000, 0x00000000e9d00000| Untracked 
| 158|0x00000000e9e00000, 0x00000000e9e00000, 0x00000000e9f00000|  0%| F|  |TAMS 0x00000000e9e00000, 0x00000000e9e00000| Untracked 
| 159|0x00000000e9f00000, 0x00000000e9f00000, 0x00000000ea000000|  0%| F|  |TAMS 0x00000000e9f00000, 0x00000000e9f00000| Untracked 
| 160|0x00000000ea000000, 0x00000000ea000000, 0x00000000ea100000|  0%| F|  |TAMS 0x00000000ea000000, 0x00000000ea000000| Untracked 
| 161|0x00000000ea100000, 0x00000000ea100000, 0x00000000ea200000|  0%| F|  |TAMS 0x00000000ea100000, 0x00000000ea100000| Untracked 
| 162|0x00000000ea200000, 0x00000000ea200000, 0x00000000ea300000|  0%| F|  |TAMS 0x00000000ea200000, 0x00000000ea200000| Untracked 
| 163|0x00000000ea300000, 0x00000000ea300000, 0x00000000ea400000|  0%| F|  |TAMS 0x00000000ea300000, 0x00000000ea300000| Untracked 
| 164|0x00000000ea400000, 0x00000000ea400000, 0x00000000ea500000|  0%| F|  |TAMS 0x00000000ea400000, 0x00000000ea400000| Untracked 
| 165|0x00000000ea500000, 0x00000000ea500000, 0x00000000ea600000|  0%| F|  |TAMS 0x00000000ea500000, 0x00000000ea500000| Untracked 
| 166|0x00000000ea600000, 0x00000000ea600000, 0x00000000ea700000|  0%| F|  |TAMS 0x00000000ea600000, 0x00000000ea600000| Untracked 
| 167|0x00000000ea700000, 0x00000000ea700000, 0x00000000ea800000|  0%| F|  |TAMS 0x00000000ea700000, 0x00000000ea700000| Untracked 
| 168|0x00000000ea800000, 0x00000000ea800000, 0x00000000ea900000|  0%| F|  |TAMS 0x00000000ea800000, 0x00000000ea800000| Untracked 
| 169|0x00000000ea900000, 0x00000000ea900000, 0x00000000eaa00000|  0%| F|  |TAMS 0x00000000ea900000, 0x00000000ea900000| Untracked 
| 170|0x00000000eaa00000, 0x00000000eaa00000, 0x00000000eab00000|  0%| F|  |TAMS 0x00000000eaa00000, 0x00000000eaa00000| Untracked 
| 171|0x00000000eab00000, 0x00000000eab00000, 0x00000000eac00000|  0%| F|  |TAMS 0x00000000eab00000, 0x00000000eab00000| Untracked 
| 172|0x00000000eac00000, 0x00000000eac00000, 0x00000000ead00000|  0%| F|  |TAMS 0x00000000eac00000, 0x00000000eac00000| Untracked 
| 173|0x00000000ead00000, 0x00000000ead00000, 0x00000000eae00000|  0%| F|  |TAMS 0x00000000ead00000, 0x00000000ead00000| Untracked 
| 174|0x00000000eae00000, 0x00000000eae00000, 0x00000000eaf00000|  0%| F|  |TAMS 0x00000000eae00000, 0x00000000eae00000| Untracked 
| 175|0x00000000eaf00000, 0x00000000eaf00000, 0x00000000eb000000|  0%| F|  |TAMS 0x00000000eaf00000, 0x00000000eaf00000| Untracked 
| 176|0x00000000eb000000, 0x00000000eb000000, 0x00000000eb100000|  0%| F|  |TAMS 0x00000000eb000000, 0x00000000eb000000| Untracked 
| 177|0x00000000eb100000, 0x00000000eb100000, 0x00000000eb200000|  0%| F|  |TAMS 0x00000000eb100000, 0x00000000eb100000| Untracked 
| 178|0x00000000eb200000, 0x00000000eb200000, 0x00000000eb300000|  0%| F|  |TAMS 0x00000000eb200000, 0x00000000eb200000| Untracked 
| 179|0x00000000eb300000, 0x00000000eb300000, 0x00000000eb400000|  0%| F|  |TAMS 0x00000000eb300000, 0x00000000eb300000| Untracked 
| 180|0x00000000eb400000, 0x00000000eb400000, 0x00000000eb500000|  0%| F|  |TAMS 0x00000000eb400000, 0x00000000eb400000| Untracked 
| 181|0x00000000eb500000, 0x00000000eb500000, 0x00000000eb600000|  0%| F|  |TAMS 0x00000000eb500000, 0x00000000eb500000| Untracked 
| 182|0x00000000eb600000, 0x00000000eb600000, 0x00000000eb700000|  0%| F|  |TAMS 0x00000000eb600000, 0x00000000eb600000| Untracked 
| 183|0x00000000eb700000, 0x00000000eb700000, 0x00000000eb800000|  0%| F|  |TAMS 0x00000000eb700000, 0x00000000eb700000| Untracked 
| 184|0x00000000eb800000, 0x00000000eb800000, 0x00000000eb900000|  0%| F|  |TAMS 0x00000000eb800000, 0x00000000eb800000| Untracked 
| 185|0x00000000eb900000, 0x00000000eb900000, 0x00000000eba00000|  0%| F|  |TAMS 0x00000000eb900000, 0x00000000eb900000| Untracked 
| 186|0x00000000eba00000, 0x00000000eba00000, 0x00000000ebb00000|  0%| F|  |TAMS 0x00000000eba00000, 0x00000000eba00000| Untracked 
| 187|0x00000000ebb00000, 0x00000000ebb00000, 0x00000000ebc00000|  0%| F|  |TAMS 0x00000000ebb00000, 0x00000000ebb00000| Untracked 
| 188|0x00000000ebc00000, 0x00000000ebc00000, 0x00000000ebd00000|  0%| F|  |TAMS 0x00000000ebc00000, 0x00000000ebc00000| Untracked 
| 189|0x00000000ebd00000, 0x00000000ebd00000, 0x00000000ebe00000|  0%| F|  |TAMS 0x00000000ebd00000, 0x00000000ebd00000| Untracked 
| 190|0x00000000ebe00000, 0x00000000ebe00000, 0x00000000ebf00000|  0%| F|  |TAMS 0x00000000ebe00000, 0x00000000ebe00000| Untracked 
| 191|0x00000000ebf00000, 0x00000000ebf00000, 0x00000000ec000000|  0%| F|  |TAMS 0x00000000ebf00000, 0x00000000ebf00000| Untracked 
| 192|0x00000000ec000000, 0x00000000ec000000, 0x00000000ec100000|  0%| F|  |TAMS 0x00000000ec000000, 0x00000000ec000000| Untracked 
| 193|0x00000000ec100000, 0x00000000ec100000, 0x00000000ec200000|  0%| F|  |TAMS 0x00000000ec100000, 0x00000000ec100000| Untracked 
| 194|0x00000000ec200000, 0x00000000ec200000, 0x00000000ec300000|  0%| F|  |TAMS 0x00000000ec200000, 0x00000000ec200000| Untracked 
| 195|0x00000000ec300000, 0x00000000ec300000, 0x00000000ec400000|  0%| F|  |TAMS 0x00000000ec300000, 0x00000000ec300000| Untracked 
| 196|0x00000000ec400000, 0x00000000ec400000, 0x00000000ec500000|  0%| F|  |TAMS 0x00000000ec400000, 0x00000000ec400000| Untracked 
| 197|0x00000000ec500000, 0x00000000ec500000, 0x00000000ec600000|  0%| F|  |TAMS 0x00000000ec500000, 0x00000000ec500000| Untracked 
| 198|0x00000000ec600000, 0x00000000ec600000, 0x00000000ec700000|  0%| F|  |TAMS 0x00000000ec600000, 0x00000000ec600000| Untracked 
| 199|0x00000000ec700000, 0x00000000ec700000, 0x00000000ec800000|  0%| F|  |TAMS 0x00000000ec700000, 0x00000000ec700000| Untracked 
| 200|0x00000000ec800000, 0x00000000ec800000, 0x00000000ec900000|  0%| F|  |TAMS 0x00000000ec800000, 0x00000000ec800000| Untracked 
| 201|0x00000000ec900000, 0x00000000ec900000, 0x00000000eca00000|  0%| F|  |TAMS 0x00000000ec900000, 0x00000000ec900000| Untracked 
| 202|0x00000000eca00000, 0x00000000eca00000, 0x00000000ecb00000|  0%| F|  |TAMS 0x00000000eca00000, 0x00000000eca00000| Untracked 
| 203|0x00000000ecb00000, 0x00000000ecb00000, 0x00000000ecc00000|  0%| F|  |TAMS 0x00000000ecb00000, 0x00000000ecb00000| Untracked 
| 204|0x00000000ecc00000, 0x00000000ecc00000, 0x00000000ecd00000|  0%| F|  |TAMS 0x00000000ecc00000, 0x00000000ecc00000| Untracked 
| 205|0x00000000ecd00000, 0x00000000ecd00000, 0x00000000ece00000|  0%| F|  |TAMS 0x00000000ecd00000, 0x00000000ecd00000| Untracked 
| 206|0x00000000ece00000, 0x00000000ece00000, 0x00000000ecf00000|  0%| F|  |TAMS 0x00000000ece00000, 0x00000000ece00000| Untracked 
| 207|0x00000000ecf00000, 0x00000000ecf00000, 0x00000000ed000000|  0%| F|  |TAMS 0x00000000ecf00000, 0x00000000ecf00000| Untracked 
| 208|0x00000000ed000000, 0x00000000ed000000, 0x00000000ed100000|  0%| F|  |TAMS 0x00000000ed000000, 0x00000000ed000000| Untracked 
| 209|0x00000000ed100000, 0x00000000ed100000, 0x00000000ed200000|  0%| F|  |TAMS 0x00000000ed100000, 0x00000000ed100000| Untracked 
| 210|0x00000000ed200000, 0x00000000ed200000, 0x00000000ed300000|  0%| F|  |TAMS 0x00000000ed200000, 0x00000000ed200000| Untracked 
| 211|0x00000000ed300000, 0x00000000ed300000, 0x00000000ed400000|  0%| F|  |TAMS 0x00000000ed300000, 0x00000000ed300000| Untracked 
| 212|0x00000000ed400000, 0x00000000ed400000, 0x00000000ed500000|  0%| F|  |TAMS 0x00000000ed400000, 0x00000000ed400000| Untracked 
| 213|0x00000000ed500000, 0x00000000ed500000, 0x00000000ed600000|  0%| F|  |TAMS 0x00000000ed500000, 0x00000000ed500000| Untracked 
| 214|0x00000000ed600000, 0x00000000ed600000, 0x00000000ed700000|  0%| F|  |TAMS 0x00000000ed600000, 0x00000000ed600000| Untracked 
| 215|0x00000000ed700000, 0x00000000ed700000, 0x00000000ed800000|  0%| F|  |TAMS 0x00000000ed700000, 0x00000000ed700000| Untracked 
| 216|0x00000000ed800000, 0x00000000ed800000, 0x00000000ed900000|  0%| F|  |TAMS 0x00000000ed800000, 0x00000000ed800000| Untracked 
| 217|0x00000000ed900000, 0x00000000ed900000, 0x00000000eda00000|  0%| F|  |TAMS 0x00000000ed900000, 0x00000000ed900000| Untracked 
| 218|0x00000000eda00000, 0x00000000eda00000, 0x00000000edb00000|  0%| F|  |TAMS 0x00000000eda00000, 0x00000000eda00000| Untracked 
| 219|0x00000000edb00000, 0x00000000edb00000, 0x00000000edc00000|  0%| F|  |TAMS 0x00000000edb00000, 0x00000000edb00000| Untracked 
| 220|0x00000000edc00000, 0x00000000edc00000, 0x00000000edd00000|  0%| F|  |TAMS 0x00000000edc00000, 0x00000000edc00000| Untracked 
| 221|0x00000000edd00000, 0x00000000edd00000, 0x00000000ede00000|  0%| F|  |TAMS 0x00000000edd00000, 0x00000000edd00000| Untracked 
| 222|0x00000000ede00000, 0x00000000ede00000, 0x00000000edf00000|  0%| F|  |TAMS 0x00000000ede00000, 0x00000000ede00000| Untracked 
| 223|0x00000000edf00000, 0x00000000edf00000, 0x00000000ee000000|  0%| F|  |TAMS 0x00000000edf00000, 0x00000000edf00000| Untracked 
| 224|0x00000000ee000000, 0x00000000ee000000, 0x00000000ee100000|  0%| F|  |TAMS 0x00000000ee000000, 0x00000000ee000000| Untracked 
| 225|0x00000000ee100000, 0x00000000ee100000, 0x00000000ee200000|  0%| F|  |TAMS 0x00000000ee100000, 0x00000000ee100000| Untracked 
| 226|0x00000000ee200000, 0x00000000ee200000, 0x00000000ee300000|  0%| F|  |TAMS 0x00000000ee200000, 0x00000000ee200000| Untracked 
| 227|0x00000000ee300000, 0x00000000ee300000, 0x00000000ee400000|  0%| F|  |TAMS 0x00000000ee300000, 0x00000000ee300000| Untracked 
| 228|0x00000000ee400000, 0x00000000ee400000, 0x00000000ee500000|  0%| F|  |TAMS 0x00000000ee400000, 0x00000000ee400000| Untracked 
| 229|0x00000000ee500000, 0x00000000ee500000, 0x00000000ee600000|  0%| F|  |TAMS 0x00000000ee500000, 0x00000000ee500000| Untracked 
| 230|0x00000000ee600000, 0x00000000ee600000, 0x00000000ee700000|  0%| F|  |TAMS 0x00000000ee600000, 0x00000000ee600000| Untracked 
| 231|0x00000000ee700000, 0x00000000ee700000, 0x00000000ee800000|  0%| F|  |TAMS 0x00000000ee700000, 0x00000000ee700000| Untracked 
| 232|0x00000000ee800000, 0x00000000ee800000, 0x00000000ee900000|  0%| F|  |TAMS 0x00000000ee800000, 0x00000000ee800000| Untracked 
| 233|0x00000000ee900000, 0x00000000ee900000, 0x00000000eea00000|  0%| F|  |TAMS 0x00000000ee900000, 0x00000000ee900000| Untracked 
| 234|0x00000000eea00000, 0x00000000eea00000, 0x00000000eeb00000|  0%| F|  |TAMS 0x00000000eea00000, 0x00000000eea00000| Untracked 
| 235|0x00000000eeb00000, 0x00000000eeb00000, 0x00000000eec00000|  0%| F|  |TAMS 0x00000000eeb00000, 0x00000000eeb00000| Untracked 
| 236|0x00000000eec00000, 0x00000000eec00000, 0x00000000eed00000|  0%| F|  |TAMS 0x00000000eec00000, 0x00000000eec00000| Untracked 
| 237|0x00000000eed00000, 0x00000000eed00000, 0x00000000eee00000|  0%| F|  |TAMS 0x00000000eed00000, 0x00000000eed00000| Untracked 
| 238|0x00000000eee00000, 0x00000000eee00000, 0x00000000eef00000|  0%| F|  |TAMS 0x00000000eee00000, 0x00000000eee00000| Untracked 
| 239|0x00000000eef00000, 0x00000000eef00000, 0x00000000ef000000|  0%| F|  |TAMS 0x00000000eef00000, 0x00000000eef00000| Untracked 
| 240|0x00000000ef000000, 0x00000000ef000000, 0x00000000ef100000|  0%| F|  |TAMS 0x00000000ef000000, 0x00000000ef000000| Untracked 
| 241|0x00000000ef100000, 0x00000000ef100000, 0x00000000ef200000|  0%| F|  |TAMS 0x00000000ef100000, 0x00000000ef100000| Untracked 
| 242|0x00000000ef200000, 0x00000000ef200000, 0x00000000ef300000|  0%| F|  |TAMS 0x00000000ef200000, 0x00000000ef200000| Untracked 
| 243|0x00000000ef300000, 0x00000000ef300000, 0x00000000ef400000|  0%| F|  |TAMS 0x00000000ef300000, 0x00000000ef300000| Untracked 
| 244|0x00000000ef400000, 0x00000000ef400000, 0x00000000ef500000|  0%| F|  |TAMS 0x00000000ef400000, 0x00000000ef400000| Untracked 
| 245|0x00000000ef500000, 0x00000000ef500000, 0x00000000ef600000|  0%| F|  |TAMS 0x00000000ef500000, 0x00000000ef500000| Untracked 
| 246|0x00000000ef600000, 0x00000000ef600000, 0x00000000ef700000|  0%| F|  |TAMS 0x00000000ef600000, 0x00000000ef600000| Untracked 
| 247|0x00000000ef700000, 0x00000000ef700000, 0x00000000ef800000|  0%| F|  |TAMS 0x00000000ef700000, 0x00000000ef700000| Untracked 
| 248|0x00000000ef800000, 0x00000000ef800000, 0x00000000ef900000|  0%| F|  |TAMS 0x00000000ef800000, 0x00000000ef800000| Untracked 
| 249|0x00000000ef900000, 0x00000000ef900000, 0x00000000efa00000|  0%| F|  |TAMS 0x00000000ef900000, 0x00000000ef900000| Untracked 
| 250|0x00000000efa00000, 0x00000000efa35760, 0x00000000efb00000| 20%| S|CS|TAMS 0x00000000efa00000, 0x00000000efa00000| Complete 
| 251|0x00000000efb00000, 0x00000000efc00000, 0x00000000efc00000|100%| S|CS|TAMS 0x00000000efb00000, 0x00000000efb00000| Complete 
| 252|0x00000000efc00000, 0x00000000efd00000, 0x00000000efd00000|100%| S|CS|TAMS 0x00000000efc00000, 0x00000000efc00000| Complete 
| 253|0x00000000efd00000, 0x00000000efd00000, 0x00000000efe00000|  0%| F|  |TAMS 0x00000000efd00000, 0x00000000efd00000| Untracked 
| 254|0x00000000efe00000, 0x00000000efe00000, 0x00000000eff00000|  0%| F|  |TAMS 0x00000000efe00000, 0x00000000efe00000| Untracked 
| 255|0x00000000eff00000, 0x00000000eff00000, 0x00000000f0000000|  0%| F|  |TAMS 0x00000000eff00000, 0x00000000eff00000| Untracked 

Card table byte_map: [0x00000000382e0000,0x00000000383e0000] _byte_map_base: 0x0000000037be0000

Marking Bits (Prev, Next): (CMBitMap*) 0x000000001cf43908, (CMBitMap*) 0x000000001cf43940
 Prev Bits: [0x00000000384e0000, 0x0000000038ce0000)
 Next Bits: [0x0000000038ce0000, 0x00000000394e0000)

Polling page: 0x000000001c590000

Metaspace:

Usage:
  Non-class:      9.45 MB capacity,     9.37 MB (>99%) used,    71.61 KB ( <1%) free+waste,     8.25 KB ( <1%) overhead. 
      Class:      1.07 MB capacity,     1.04 MB ( 97%) used,    28.15 KB (  3%) free+waste,     3.31 KB ( <1%) overhead. 
       Both:     10.52 MB capacity,    10.41 MB ( 99%) used,    99.76 KB ( <1%) free+waste,    11.56 KB ( <1%) overhead. 

Virtual space:
  Non-class space:       18.00 MB reserved,       9.50 MB ( 53%) committed 
      Class space:        1.00 GB reserved,       1.13 MB ( <1%) committed 
             Both:        1.02 GB reserved,      10.63 MB (  1%) committed 

Chunk freelists:
   Non-Class:  7.00 KB
       Class:  2.75 KB
        Both:  9.75 KB

CodeHeap 'non-profiled nmethods': size=120064Kb used=239Kb max_used=239Kb free=119824Kb
 bounds [0x000000002cda0000, 0x000000002d010000, 0x00000000342e0000]
CodeHeap 'profiled nmethods': size=120000Kb used=1463Kb max_used=1463Kb free=118536Kb
 bounds [0x0000000025870000, 0x0000000025ae0000, 0x000000002cda0000]
CodeHeap 'non-nmethods': size=5696Kb used=1064Kb max_used=1076Kb free=4631Kb
 bounds [0x00000000252e0000, 0x0000000025550000, 0x0000000025870000]
 total_blobs=1312 nmethods=745 adapters=270
 compilation: enabled
              stopped_count=0, restarted_count=0
 full_count=0

Compilation events (10 events):
Event: 0.481 Thread 0x000000004baaa000  743       3       java.util.HashMap$HashIterator::remove (75 bytes)
Event: 0.481 Thread 0x000000004baaa000 nmethod 743 0x00000000259dae10 code [0x00000000259db000, 0x00000000259db3d0]
Event: 0.481 Thread 0x000000004baaa000  744       3       java.util.HashMap::removeNode (291 bytes)
Event: 0.482 Thread 0x000000004baaa000 nmethod 744 0x00000000259db590 code [0x00000000259db840, 0x00000000259dcb40]
Event: 0.482 Thread 0x000000004baaa000  740       3       java.lang.Float::isNaN (12 bytes)
Event: 0.482 Thread 0x000000004baaa000 nmethod 740 0x00000000259dd010 code [0x00000000259dd1c0, 0x00000000259dd378]
Event: 0.482 Thread 0x000000004baaa000  745       3       java.util.HashMap::afterNodeRemoval (1 bytes)
Event: 0.482 Thread 0x000000004baaa000 nmethod 745 0x00000000259dd410 code [0x00000000259dd5c0, 0x00000000259dd718]
Event: 0.482 Thread 0x000000004baaa000  742       3       java.util.HashMap::tableSizeFor (32 bytes)
Event: 0.482 Thread 0x000000004baaa000 nmethod 742 0x00000000259dd790 code [0x00000000259dd960, 0x00000000259ddbb0]

GC Heap History (4 events):
Event: 0.437 GC heap before
{Heap before GC invocations=0 (full 0):
 garbage-first heap   total 262144K, used 14336K [0x00000000e0000000, 0x0000000100000000)
  region size 1024K, 14 young (14336K), 0 survivors (0K)
 Metaspace       used 10178K, capacity 10320K, committed 10624K, reserved 1058816K
  class space    used 987K, capacity 1034K, committed 1152K, reserved 1048576K
}
Event: 0.440 GC heap after
{Heap after GC invocations=1 (full 0):
 garbage-first heap   total 262144K, used 3888K [0x00000000e0000000, 0x0000000100000000)
  region size 1024K, 2 young (2048K), 2 survivors (2048K)
 Metaspace       used 10178K, capacity 10320K, committed 10624K, reserved 1058816K
  class space    used 987K, capacity 1034K, committed 1152K, reserved 1048576K
}
Event: 0.482 GC heap before
{Heap before GC invocations=1 (full 0):
 garbage-first heap   total 262144K, used 5936K [0x00000000e0000000, 0x0000000100000000)
  region size 1024K, 5 young (5120K), 2 survivors (2048K)
 Metaspace       used 10658K, capacity 10770K, committed 10880K, reserved 1064960K
  class space    used 1066K, capacity 1098K, committed 1152K, reserved 1048576K
}
Event: 0.485 GC heap after
{Heap after GC invocations=2 (full 0):
 garbage-first heap   total 262144K, used 4101K [0x00000000e0000000, 0x0000000100000000)
  region size 1024K, 3 young (3072K), 3 survivors (3072K)
 Metaspace       used 10658K, capacity 10770K, committed 10880K, reserved 1064960K
  class space    used 1066K, capacity 1098K, committed 1152K, reserved 1048576K
}

Deoptimization events (10 events):
Event: 0.271 Thread 0x000000001cf1d000 Uncommon trap: reason=profile_predicate action=maybe_recompile pc=0x000000002cdb7470 method=java.lang.StringLatin1.indexOf([BI[BII)I @ 18 c2
Event: 0.332 Thread 0x000000001cf1d000 Uncommon trap: reason=unstable_if action=reinterpret pc=0x000000002cdbee9c method=java.lang.StringLatin1.indexOf([BI[BII)I @ 91 c2
Event: 0.334 Thread 0x000000001cf1d000 Uncommon trap: reason=unstable_if action=reinterpret pc=0x000000002cdc24a0 method=sun.net.www.ParseUtil.firstEncodeIndex(Ljava/lang/String;)I @ 51 c2
Event: 0.340 Thread 0x000000001cf1d000 Uncommon trap: reason=unstable_if action=reinterpret pc=0x000000002cda5c10 method=java.lang.String.isLatin1()Z @ 10 c2
Event: 0.340 Thread 0x000000001cf1d000 Uncommon trap: reason=unstable_if action=reinterpret pc=0x000000002cda7478 method=java.lang.String.isLatin1()Z @ 10 c2
Event: 0.387 Thread 0x000000001cf1d000 Uncommon trap: reason=unstable_if action=reinterpret pc=0x000000002cdc9300 method=java.io.DataInputStream.readUTF(Ljava/io/DataInput;)Ljava/lang/String; @ 31 c2
Event: 0.392 Thread 0x000000001cf1d000 Uncommon trap: reason=bimorphic_or_optimized_type_check action=maybe_recompile pc=0x000000002cdce3d8 method=java.util.HashMap.getNode(ILjava/lang/Object;)Ljava/util/HashMap$Node; @ 126 c2
Event: 0.392 Thread 0x000000001cf1d000 Uncommon trap: reason=bimorphic_or_optimized_type_check action=maybe_recompile pc=0x000000002cdce3d8 method=java.util.HashMap.getNode(ILjava/lang/Object;)Ljava/util/HashMap$Node; @ 126 c2
Event: 0.392 Thread 0x000000001cf1d000 Uncommon trap: reason=bimorphic_or_optimized_type_check action=maybe_recompile pc=0x000000002cdce3d8 method=java.util.HashMap.getNode(ILjava/lang/Object;)Ljava/util/HashMap$Node; @ 126 c2
Event: 0.392 Thread 0x000000001cf1d000 Uncommon trap: reason=bimorphic_or_optimized_type_check action=maybe_recompile pc=0x000000002cdce3d8 method=java.util.HashMap.getNode(ILjava/lang/Object;)Ljava/util/HashMap$Node; @ 126 c2

Classes redefined (0 events):
No events

Internal exceptions (10 events):
Event: 0.329 Thread 0x000000001cf1d000 Exception <a 'java/security/PrivilegedActionException'{0x00000000ef631e10}> (0x00000000ef631e10) thrown at [t:/workspace/open/src/hotspot/share/prims/jvm.cpp, line 1308]
Event: 0.329 Thread 0x000000001cf1d000 Exception <a 'java/security/PrivilegedActionException'{0x00000000ef632388}> (0x00000000ef632388) thrown at [t:/workspace/open/src/hotspot/share/prims/jvm.cpp, line 1308]
Event: 0.334 Thread 0x000000001cf1d000 Exception <a 'java/security/PrivilegedActionException'{0x00000000ef64f220}> (0x00000000ef64f220) thrown at [t:/workspace/open/src/hotspot/share/prims/jvm.cpp, line 1308]
Event: 0.334 Thread 0x000000001cf1d000 Exception <a 'java/security/PrivilegedActionException'{0x00000000ef64f798}> (0x00000000ef64f798) thrown at [t:/workspace/open/src/hotspot/share/prims/jvm.cpp, line 1308]
Event: 0.335 Thread 0x000000001cf1d000 Exception <a 'java/security/PrivilegedActionException'{0x00000000ef6576d8}> (0x00000000ef6576d8) thrown at [t:/workspace/open/src/hotspot/share/prims/jvm.cpp, line 1308]
Event: 0.336 Thread 0x000000001cf1d000 Exception <a 'java/security/PrivilegedActionException'{0x00000000ef657c50}> (0x00000000ef657c50) thrown at [t:/workspace/open/src/hotspot/share/prims/jvm.cpp, line 1308]
Event: 0.337 Thread 0x000000001cf1d000 Exception <a 'java/security/PrivilegedActionException'{0x00000000ef65bcd8}> (0x00000000ef65bcd8) thrown at [t:/workspace/open/src/hotspot/share/prims/jvm.cpp, line 1308]
Event: 0.337 Thread 0x000000001cf1d000 Exception <a 'java/security/PrivilegedActionException'{0x00000000ef65c250}> (0x00000000ef65c250) thrown at [t:/workspace/open/src/hotspot/share/prims/jvm.cpp, line 1308]
Event: 0.338 Thread 0x000000001cf1d000 Exception <a 'java/security/PrivilegedActionException'{0x00000000ef6642e0}> (0x00000000ef6642e0) thrown at [t:/workspace/open/src/hotspot/share/prims/jvm.cpp, line 1308]
Event: 0.338 Thread 0x000000001cf1d000 Exception <a 'java/security/PrivilegedActionException'{0x00000000ef664858}> (0x00000000ef664858) thrown at [t:/workspace/open/src/hotspot/share/prims/jvm.cpp, line 1308]

Events (10 events):
Event: 0.479 loading class org/openxmlformats/schemas/spreadsheetml/x2006/main/CTFontSize done
Event: 0.480 loading class org/apache/xmlbeans/impl/values/XmlDoubleImpl
Event: 0.480 loading class org/apache/xmlbeans/impl/values/XmlDoubleImpl done
Event: 0.480 loading class org/apache/xmlbeans/XmlDouble
Event: 0.480 loading class org/apache/xmlbeans/XmlDouble done
Event: 0.480 loading class org/apache/xmlbeans/impl/values/JavaDoubleHolder
Event: 0.480 loading class org/apache/xmlbeans/impl/values/JavaDoubleHolder done
Event: 0.482 loading class org/openxmlformats/schemas/spreadsheetml/x2006/main/impl/CTColorImpl
Event: 0.482 loading class org/openxmlformats/schemas/spreadsheetml/x2006/main/impl/CTColorImpl done
Event: 0.482 Executing VM operation: CollectForMetadataAllocation


Dynamic libraries:
0x0000000000400000 - 0x000000000041c000 	C:\PROGRA~1\R\R-36~1.3\bin\x64\Rterm.exe
0x00007ffd99920000 - 0x00007ffd99b10000 	C:\Windows\SYSTEM32\ntdll.dll
0x00007ffd984f0000 - 0x00007ffd985a2000 	C:\Windows\System32\KERNEL32.DLL
0x00007ffd969e0000 - 0x00007ffd96c84000 	C:\Windows\System32\KERNELBASE.dll
0x00007ffd98320000 - 0x00007ffd983be000 	C:\Windows\System32\msvcrt.dll
0x00007ffd99740000 - 0x00007ffd998d4000 	C:\Windows\System32\USER32.dll
0x00007ffd97730000 - 0x00007ffd97751000 	C:\Windows\System32\win32u.dll
0x00007ffd989c0000 - 0x00007ffd989e6000 	C:\Windows\System32\GDI32.dll
0x00007ffd96cf0000 - 0x00007ffd96e84000 	C:\Windows\System32\gdi32full.dll
0x00007ffd97760000 - 0x00007ffd977fe000 	C:\Windows\System32\msvcp_win.dll
0x00007ffd968b0000 - 0x00007ffd969aa000 	C:\Windows\System32\ucrtbase.dll
0x0000000063540000 - 0x00000000635a1000 	C:\PROGRA~1\R\R-36~1.3\bin\x64\Rgraphapp.dll
0x00007ffd98a80000 - 0x00007ffd98b50000 	C:\Windows\System32\comdlg32.dll
0x00007ffd98680000 - 0x00007ffd989b6000 	C:\Windows\System32\combase.dll
0x00007ffd97a70000 - 0x00007ffd97b90000 	C:\Windows\System32\RPCRT4.dll
0x00007ffd97800000 - 0x00007ffd97880000 	C:\Windows\System32\bcryptPrimitives.dll
0x00007ffd98d70000 - 0x00007ffd98e19000 	C:\Windows\System32\shcore.dll
0x00007ffd99290000 - 0x00007ffd992e2000 	C:\Windows\System32\SHLWAPI.dll
0x00007ffd97b90000 - 0x00007ffd98274000 	C:\Windows\System32\SHELL32.dll
0x00007ffd97630000 - 0x00007ffd9767a000 	C:\Windows\System32\cfgmgr32.dll
0x00007ffd96eb0000 - 0x00007ffd9762e000 	C:\Windows\System32\windows.storage.dll
0x00007ffd979d0000 - 0x00007ffd97a67000 	C:\Windows\System32\sechost.dll
0x00007ffd98430000 - 0x00007ffd984d3000 	C:\Windows\System32\advapi32.dll
0x00007ffd96860000 - 0x00007ffd96883000 	C:\Windows\System32\profapi.dll
0x000000006c700000 - 0x000000006e5a4000 	C:\PROGRA~1\R\R-36~1.3\bin\x64\R.dll
0x00007ffd967f0000 - 0x00007ffd9683a000 	C:\Windows\System32\powrprof.dll
0x00007ffd967e0000 - 0x00007ffd967f0000 	C:\Windows\System32\UMPDC.dll
0x00007ffd96890000 - 0x00007ffd968a1000 	C:\Windows\System32\kernel.appcore.dll
0x00007ffd8ad80000 - 0x00007ffd8b004000 	C:\Windows\WinSxS\amd64_microsoft.windows.common-controls_6595b64144ccf1df_6.0.18362.836_none_e6c4b943130f18ed\COMCTL32.dll
0x00007ffd96e90000 - 0x00007ffd96ea7000 	C:\Windows\System32\cryptsp.dll
0x00007ffd982f0000 - 0x00007ffd9831e000 	C:\Windows\System32\IMM32.dll
0x0000000064e80000 - 0x0000000064ed3000 	C:\PROGRA~1\R\R-36~1.3\bin\x64\Rblas.dll
0x00007ffd8ff30000 - 0x00007ffd8ff3a000 	C:\Windows\SYSTEM32\VERSION.dll
0x00007ffd94820000 - 0x00007ffd94844000 	C:\Windows\SYSTEM32\WINMM.dll
0x00000000641c0000 - 0x00000000641d6000 	C:\PROGRA~1\R\R-36~1.3\bin\x64\Riconv.dll
0x00007ffd8b010000 - 0x00007ffd8b017000 	C:\Windows\SYSTEM32\MSIMG32.dll
0x00007ffd94710000 - 0x00007ffd9473d000 	C:\Windows\SYSTEM32\WINMMBASE.dll
0x00007ffd94b50000 - 0x00007ffd94be9000 	C:\Windows\system32\uxtheme.dll
0x00007ffd992f0000 - 0x00007ffd99447000 	C:\Windows\System32\ole32.dll
0x00007ffd985b0000 - 0x00007ffd98674000 	C:\Windows\System32\OLEAUT32.dll
0x00007ffd93050000 - 0x00007ffd93140000 	C:\Windows\SYSTEM32\PROPSYS.dll
0x0000000064a40000 - 0x0000000064a54000 	C:\Program Files\R\R-3.6.3\library\methods\libs\x64\methods.dll
0x000000006e5c0000 - 0x000000006e5ed000 	C:\Program Files\R\R-3.6.3\library\utils\libs\x64\utils.dll
0x000000006fc80000 - 0x000000006fdaa000 	C:\Program Files\R\R-3.6.3\library\grDevices\libs\x64\grDevices.dll
0x0000000063740000 - 0x0000000063792000 	C:\Program Files\R\R-3.6.3\library\graphics\libs\x64\graphics.dll
0x0000000071100000 - 0x00000000711a9000 	C:\Program Files\R\R-3.6.3\library\stats\libs\x64\stats.dll
0x0000000011510000 - 0x00000000117d4000 	C:\PROGRA~1\R\R-36~1.3\bin\x64\Rlapack.dll
0x000000006c500000 - 0x000000006c51f000 	C:\Users\Padulla\Documents\R\win-library\3.6\digest\libs\x64\digest.dll
0x00007ffd966d0000 - 0x00007ffd966ff000 	C:\Windows\SYSTEM32\SspiCli.dll
0x0000000011de0000 - 0x0000000011e06000 	C:\Users\Padulla\Documents\R\win-library\3.6\rlang\libs\x64\rlang.dll
0x000000006abc0000 - 0x000000006acc7000 	C:\Users\Padulla\Documents\R\win-library\3.6\Rcpp\libs\x64\Rcpp.dll
0x0000000065340000 - 0x00000000653ff000 	C:\Users\Padulla\Documents\R\win-library\3.6\htmltools\libs\x64\htmltools.dll
0x0000000012a80000 - 0x0000000012aa0000 	C:\Program Files\R\R-3.6.3\library\tools\libs\x64\tools.dll
0x000000006b480000 - 0x000000006b4b3000 	C:\Users\Padulla\Documents\R\win-library\3.6\yaml\libs\x64\yaml.dll
0x00000000640c0000 - 0x00000000640e2000 	C:\Users\Padulla\Documents\R\win-library\3.6\jsonlite\libs\x64\jsonlite.dll
0x000000006bd40000 - 0x000000006c1eb000 	C:\Users\Padulla\Documents\R\win-library\3.6\stringi\libs\x64\stringi.dll
0x0000000063400000 - 0x000000006340e000 	C:\Users\Padulla\Documents\R\win-library\3.6\glue\libs\x64\glue.dll
0x0000000061c00000 - 0x0000000061c0e000 	C:\Users\Padulla\Documents\R\win-library\3.6\tibble\libs\x64\tibble.dll
0x0000000065b40000 - 0x0000000065b53000 	C:\Users\Padulla\Documents\R\win-library\3.6\purrr\libs\x64\purrr.dll
0x0000000015ca0000 - 0x0000000015f0b000 	C:\Users\Padulla\Documents\R\win-library\3.6\dplyr\libs\x64\dplyr.dll
0x000000006ea80000 - 0x000000006eaaa000 	C:\Program Files\R\R-3.6.3\library\grid\libs\x64\grid.dll
0x0000000015f10000 - 0x0000000015f1f000 	C:\Program Files\R\R-3.6.3\library\lattice\libs\x64\lattice.dll
0x000000006b1c0000 - 0x000000006b1dd000 	C:\Program Files\R\R-3.6.3\library\nlme\libs\x64\nlme.dll
0x0000000068140000 - 0x000000006817c000 	C:\Users\Padulla\Documents\R\win-library\3.6\vctrs\libs\x64\vctrs.dll
0x000000006a8c0000 - 0x000000006a98c000 	C:\Users\Padulla\Documents\R\win-library\3.6\tidyr\libs\x64\tidyr.dll
0x0000000069540000 - 0x000000006954d000 	C:\Users\Padulla\Documents\R\win-library\3.6\backports\libs\x64\backports.dll
0x00000000657c0000 - 0x00000000657d7000 	C:\Users\Padulla\Documents\R\win-library\3.6\colorspace\libs\x64\colorspace.dll
0x0000000067540000 - 0x0000000067655000 	C:\Users\Padulla\Documents\R\win-library\3.6\haven\libs\x64\haven.dll
0x0000000062d40000 - 0x0000000062e1c000 	C:\Users\Padulla\Documents\R\win-library\3.6\lubridate\libs\x64\lubridate.dll
0x0000000062840000 - 0x0000000062981000 	C:\Users\Padulla\Documents\R\win-library\3.6\readr\libs\x64\readr.dll
0x00000000165e0000 - 0x00000000165ed000 	C:\Users\Padulla\Documents\R\win-library\3.6\readr\libs\x64\librcon.lib
0x00000000165f0000 - 0x00000000166f3000 	C:\Users\Padulla\Documents\R\win-library\3.6\readxl\libs\x64\readxl.dll
0x000000006fac0000 - 0x000000006fb81000 	C:\Users\Padulla\Documents\R\win-library\3.6\fs\libs\x64\fs.dll
0x00007ffd984e0000 - 0x00007ffd984e8000 	C:\Windows\System32\PSAPI.DLL
0x00007ffd98280000 - 0x00007ffd982ef000 	C:\Windows\System32\WS2_32.dll
0x00007ffd95d00000 - 0x00007ffd95d3a000 	C:\Windows\SYSTEM32\IPHLPAPI.DLL
0x00007ffd96700000 - 0x00007ffd96725000 	C:\Windows\SYSTEM32\USERENV.dll
0x0000000069d00000 - 0x0000000069fb0000 	C:\Users\Padulla\Documents\R\win-library\3.6\xml2\libs\x64\xml2.dll
0x00000000625c0000 - 0x00000000625dc000 	C:\Users\Padulla\Documents\R\win-library\3.6\fansi\libs\x64\fansi.dll
0x0000000069300000 - 0x000000006939f000 	C:\Users\Padulla\Documents\R\win-library\3.6\data.table\libs\x64\datatable.dll
0x00000000629c0000 - 0x00000000629ce000 	C:\Users\Padulla\Documents\R\win-library\3.6\lazyeval\libs\x64\lazyeval.dll
0x0000000064080000 - 0x0000000064096000 	C:\Users\Padulla\Documents\R\win-library\3.6\rJava\libs\x64\rJava.dll
0x00007ffd31c40000 - 0x00007ffd32782000 	C:\Program Files\Java\jdk-11.0.1\bin\server\jvm.dll
0x00007ffd84e30000 - 0x00007ffd84e39000 	C:\Windows\SYSTEM32\WSOCK32.dll
0x00007ffd93200000 - 0x00007ffd93216000 	C:\Windows\SYSTEM32\VCRUNTIME140.dll
0x00007ffd8b050000 - 0x00007ffd8b061000 	C:\Program Files\Java\jdk-11.0.1\bin\verify.dll
0x00007ffd88b80000 - 0x00007ffd88d74000 	C:\Windows\SYSTEM32\DBGHELP.DLL
0x00007ffd84730000 - 0x00007ffd8475a000 	C:\Windows\SYSTEM32\dbgcore.DLL
0x00007ffd76e10000 - 0x00007ffd76e39000 	C:\Program Files\Java\jdk-11.0.1\bin\java.dll
0x00007ffd76a70000 - 0x00007ffd76a86000 	C:\Program Files\Java\jdk-11.0.1\bin\zip.dll
0x00007ffd8b500000 - 0x00007ffd8b50a000 	C:\Program Files\Java\jdk-11.0.1\bin\jimage.dll
0x00007ffd76a50000 - 0x00007ffd76a69000 	C:\Program Files\Java\jdk-11.0.1\bin\net.dll
0x00007ffd8fdc0000 - 0x00007ffd8feb0000 	C:\Windows\SYSTEM32\WINHTTP.dll
0x00007ffd95ff0000 - 0x00007ffd96057000 	C:\Windows\system32\mswsock.dll
0x00007ffd76a30000 - 0x00007ffd76a43000 	C:\Program Files\Java\jdk-11.0.1\bin\nio.dll

dbghelp: loaded successfully - version: 4.0.5 - missing functions: none
symbol engine: initialized successfully - sym options: 0x614 - pdb path: .;C:\PROGRA~1\R\R-36~1.3\bin\x64;C:\Windows\SYSTEM32;C:\Windows\WinSxS\amd64_microsoft.windows.common-controls_6595b64144ccf1df_6.0.18362.836_none_e6c4b943130f18ed;C:\Program Files\R\R-3.6.3\library\methods\libs\x64;C:\Program Files\R\R-3.6.3\library\utils\libs\x64;C:\Program Files\R\R-3.6.3\library\grDevices\libs\x64;C:\Program Files\R\R-3.6.3\library\graphics\libs\x64;C:\Program Files\R\R-3.6.3\library\stats\libs\x64;C:\Users\Padulla\Documents\R\win-library\3.6\digest\libs\x64;C:\Users\Padulla\Documents\R\win-library\3.6\rlang\libs\x64;C:\Users\Padulla\Documents\R\win-library\3.6\Rcpp\libs\x64;C:\Users\Padulla\Documents\R\win-library\3.6\htmltools\libs\x64;C:\Program Files\R\R-3.6.3\library\tools\libs\x64;C:\Users\Padulla\Documents\R\win-library\3.6\yaml\libs\x64;C:\Users\Padulla\Documents\R\win-library\3.6\jsonlite\libs\x64;C:\Users\Padulla\Documents\R\win-library\3.6\stringi\libs\x64;C:\Users\Padulla\Documents\R\win-library\3.6\glue\libs\x64;C:\Users\Padulla\Documents\R\win-library\3.6\tibble\libs\x64;C:\Users\Padulla\Documents\R\win-library\3.6\purrr\libs\x64;C:\Users\Padulla\Documents\R\win-library\3.6\dplyr\libs\x64;C:\Program Files\R\R-3.6.3\library\grid\libs\x64;C:\Program Files\R\R-3.6.3\library\lattice\libs\x64;C:\Program Files\R\R-3.6.3\library\nlme\libs\x64;C:\Users\Padulla\Documents\R\win-library\3.6\vctrs\libs\x64;C:\Users\Padulla\Documents\R\win-library\3.6\tidyr\libs\x64;C:\Users\Padulla\Documents\R\win-library\3.6\backports\libs\x64;C:\Users\Padulla\Documents\R\win-library\3.6\colorspace\libs\x64;C:\Users\Padulla\Documents\R\win-library\3.6\haven\libs\x64;C:\Users\Padulla\Documents\R\win-library\3.6\lubridate\libs\x64;C:\Users\Padulla\Documents\R\win-library\3.6\readr\libs\x64;C:\Users\Padulla\Documents\R\win-library\3.6\readxl\libs\x64;C:\Users\Padulla\Documents\R\win-library\3.6\fs\libs\x64;C:\Users\Padulla\Documents\R\win-library\3.6\xml2\libs\x64;C:\Users\Padulla\Documents\R\win-library\3.6\fansi\libs\x64;C:\Users\Padulla\Documents\R\win-library\3.6\data.table\libs\x64;C:\Users\Padulla\Documents\R\win-library\3.6\lazyeval\libs\x64;C:\Users\Padulla\Documents\R\win-library\3.6\rJava\libs\x64;C:\Program Files\Java\jdk-11.0.1\bin\server;C:\Program Files\Java\jdk-11.0.1\bin

VM Arguments:
jvm_args: -Dr.arch=/x64 -Xmx512m -Xrs 
java_command: <unknown>
java_class_path (initial): C:/Users/Padulla/Documents/R/win-library/3.6/rJava/java/boot
Launcher Type: generic

[Global flags]
     intx CICompilerCount                          = 3                                         {product} {ergonomic}
     uint ConcGCThreads                            = 1                                         {product} {ergonomic}
     uint G1ConcRefinementThreads                  = 4                                         {product} {ergonomic}
   size_t G1HeapRegionSize                         = 1048576                                   {product} {ergonomic}
    uintx GCDrainStackTargetSize                   = 64                                        {product} {ergonomic}
   size_t InitialHeapSize                          = 268435456                                 {product} {ergonomic}
   size_t MarkStackSize                            = 4194304                                   {product} {ergonomic}
   size_t MaxHeapSize                              = 536870912                                 {product} {command line}
   size_t MaxNewSize                               = 321912832                                 {product} {ergonomic}
   size_t MinHeapDeltaBytes                        = 1048576                                   {product} {ergonomic}
    uintx NonNMethodCodeHeapSize                   = 5830092                                {pd product} {ergonomic}
    uintx NonProfiledCodeHeapSize                  = 122914074                              {pd product} {ergonomic}
    uintx ProfiledCodeHeapSize                     = 122914074                              {pd product} {ergonomic}
     bool ReduceSignalUsage                        = true                                      {product} {command line}
    uintx ReservedCodeCacheSize                    = 251658240                              {pd product} {ergonomic}
     bool SegmentedCodeCache                       = true                                      {product} {ergonomic}
     bool UseCompressedClassPointers               = true                                 {lp64_product} {ergonomic}
     bool UseCompressedOops                        = true                                 {lp64_product} {ergonomic}
     bool UseG1GC                                  = true                                      {product} {ergonomic}
     bool UseLargePagesIndividualAllocation        = false                                  {pd product} {ergonomic}

Logging:
Log output configuration:
 #0: stdout all=warning uptime,level,tags
 #1: stderr all=off uptime,level,tags

Environment Variables:
PATH=C:\Program Files\R\R-3.6.3\bin\x64;C:\ProgramData\Oracle\Java\javapath;C:\Program Files (x86)\Intel\iCLS Client\;C:\Program Files\Intel\iCLS Client\;C:\Windows\system32;C:\Windows;C:\Windows\System32\Wbem;C:\Windows\System32\WindowsPowerShell\v1.0\;C:\Program Files\Intel\Intel(R) Management Engine Components\DAL;C:\Program Files (x86)\Intel\Intel(R) Management Engine Components\DAL;C:\Program Files\Intel\Intel(R) Management Engine Components\IPT;C:\Program Files (x86)\Intel\Intel(R) Management Engine Components\IPT;C:\Program Files (x86)\ATI Technologies\ATI.ACE\Core-Static;C:\Users\Padulla\bin;C:\Program Files\R\R-3.4.2\bin;C:\Windows\System32\OpenSSH\;C:\Program Files\Git\cmd;C:\Program Files\dotnet\;C:\Users\Padulla\AppData\Local\Programs\Python\Python37\Scripts\;C:\Users\Padulla\AppData\Local\Programs\Python\Python37\;C:\Users\Padulla\AppData\Local\Microsoft\WindowsApps;C:\Users\Padulla\AppData\Local\Microsoft\WindowsApps;C:\Program Files\JetBrains\PyCharm Community Edition 2019.3\bin;C:\Users\Padulla\AppData\Local\Programs\Microsoft VS Code\bin;C:\Users\Padulla\AppData\Roaming\Python\Python37\Scripts;C:\Users\Padulla\AppData\Local\GitHubDesktop\bin;C:\Program Files\RStudio\bin\rpostback;C:\Program Files\RStudio\bin\postback
USERNAME=Padulla
DISPLAY=:0
OS=Windows_NT
PROCESSOR_IDENTIFIER=Intel64 Family 6 Model 60 Stepping 3, GenuineIntel



---------------  S Y S T E M  ---------------

OS: Windows 10 , 64 bit Build 18362 (10.0.18362.778)

CPU:total 4 (initial active 4) (4 cores per cpu, 1 threads per core) family 6 model 60 stepping 3, cmov, cx8, fxsr, mmx, sse, sse2, sse3, ssse3, sse4.1, sse4.2, popcnt, avx, avx2, aes, clmul, erms, lzcnt, tsc, tscinvbit, bmi1, bmi2, fma

Memory: 4k page, system-wide physical 16302M (2756M free)
TotalPageFile size 16342M (AvailPageFile size 4M)
current process WorkingSet (physical memory assigned to process): 215M, peak: 215M
current process commit charge ("private bytes"): 510M, peak: 511M

vm_info: Java HotSpot(TM) 64-Bit Server VM (11.0.1+13-LTS) for windows-amd64 JRE (11.0.1+13-LTS), built on Oct  6 2018 13:20:16 by "mach5one" with MS VC++ 15.5 (VS2017)

END.
